#
# There is insufficient memory for the Java Runtime Environment to continue.
# Native memory allocation (malloc) failed to allocate 65552 bytes for Chunk::new
# Possible reasons:
#   The system is out of physical RAM or swap space
#   In 32 bit mode, the process size limit was hit
# Possible solutions:
#   Reduce memory load on the system
#   Increase physical memory or swap space
#   Check if swap backing store is full
#   Use 64 bit Java on a 64 bit OS
#   Decrease Java heap size (-Xmx/-Xms)
#   Decrease number of Java threads
#   Decrease Java thread stack sizes (-Xss)
#   Set larger code cache with -XX:ReservedCodeCacheSize=
# This output file may be truncated or incomplete.
#
#  Out of Memory Error (allocation.cpp:388), pid=10872, tid=10036
#
# JRE version: Java(TM) SE Runtime Environment (8.0_11-b12) (build 1.8.0_11-b12)
# Java VM: Java HotSpot(TM) 64-Bit Server VM (25.11-b03 mixed mode windows-amd64 compressed oops)
# Failed to write core dump. Minidumps are not enabled by default on client versions of Windows
#

---------------  T H R E A D  ---------------

Current thread (0x0000000015ec5800):  JavaThread "C2 CompilerThread0" daemon [_thread_in_native, id=10036, stack(0x0000000016720000,0x0000000016820000)]

Stack: [0x0000000016720000,0x0000000016820000]
Native frames: (J=compiled Java code, j=interpreted, Vv=VM code, C=native code)
V  [jvm.dll+0x308eca]


Current CompileTask:
C2:   3151 1085       4       com.android.dx.ssa.back.LivenessAnalyzer::handleTailRecursion (94 bytes)


---------------  P R O C E S S  ---------------

Java Threads: ( => current thread )
  0x000000001618a000 JavaThread "pool-1-thread-4" [_thread_blocked, id=9912, stack(0x0000000016610000,0x0000000016710000)]
  0x0000000016186000 JavaThread "pool-1-thread-3" [_thread_in_Java, id=11976, stack(0x0000000017860000,0x0000000017960000)]
  0x000000001627b000 JavaThread "pool-1-thread-2" [_thread_in_Java, id=9600, stack(0x0000000016840000,0x0000000016940000)]
  0x0000000016278000 JavaThread "pool-2-thread-1" [_thread_blocked, id=6700, stack(0x0000000017710000,0x0000000017810000)]
  0x0000000016277000 JavaThread "pool-1-thread-1" [_thread_in_Java, id=11232, stack(0x0000000017600000,0x0000000017700000)]
  0x0000000015f49800 JavaThread "Service Thread" daemon [_thread_blocked, id=7536, stack(0x00000000163c0000,0x00000000164c0000)]
  0x0000000015ecb000 JavaThread "C1 CompilerThread2" daemon [_thread_in_native, id=8312, stack(0x0000000016b30000,0x0000000016c30000)]
  0x0000000015ec9800 JavaThread "C2 CompilerThread1" daemon [_thread_in_native, id=12048, stack(0x0000000016970000,0x0000000016a70000)]
=>0x0000000015ec5800 JavaThread "C2 CompilerThread0" daemon [_thread_in_native, id=10036, stack(0x0000000016720000,0x0000000016820000)]
  0x0000000015ec3800 JavaThread "Attach Listener" daemon [_thread_blocked, id=7596, stack(0x00000000164f0000,0x00000000165f0000)]
  0x0000000015ec0000 JavaThread "Signal Dispatcher" daemon [_thread_blocked, id=9712, stack(0x00000000162b0000,0x00000000163b0000)]
  0x0000000014b74800 JavaThread "Finalizer" daemon [_thread_blocked, id=9772, stack(0x0000000015db0000,0x0000000015eb0000)]
  0x0000000014b69800 JavaThread "Reference Handler" daemon [_thread_blocked, id=11344, stack(0x0000000015b20000,0x0000000015c20000)]
  0x0000000001dfe800 JavaThread "main" [_thread_blocked, id=11552, stack(0x0000000002110000,0x0000000002210000)]

Other Threads:
  0x0000000014b65800 VMThread [stack: 0x0000000015c90000,0x0000000015d90000] [id=10584]
  0x0000000015f52000 WatcherThread [stack: 0x0000000016c40000,0x0000000016d40000] [id=3792]

VM state:not at safepoint (normal execution)

VM Mutex/Monitor currently owned by a thread:  ([mutex/lock_event])
[0x0000000001dfcec0] Compile_lock - owner thread: 0x0000000015ecb000

Heap:
 PSYoungGen      total 9728K, used 3095K [0x00000000eab00000, 0x00000000eb700000, 0x0000000100000000)
  eden space 7680K, 13% used [0x00000000eab00000,0x00000000eac0bcb0,0x00000000eb280000)
  from space 2048K, 98% used [0x00000000eb280000,0x00000000eb47a2e8,0x00000000eb480000)
  to   space 1536K, 0% used [0x00000000eb480000,0x00000000eb480000,0x00000000eb600000)
 ParOldGen       total 29184K, used 1986K [0x00000000c0000000, 0x00000000c1c80000, 0x00000000eab00000)
  object space 29184K, 6% used [0x00000000c0000000,0x00000000c01f0848,0x00000000c1c80000)
 Metaspace       used 5686K, capacity 6704K, committed 6784K, reserved 1056768K
  class space    used 593K, capacity 616K, committed 640K, reserved 1048576K

Card table byte_map: [0x00000000116a0000,0x00000000118b0000] byte_map_base: 0x00000000110a0000

Marking Bits: (ParMarkBitMap*) 0x00000000709612b0
 Begin Bits: [0x0000000011fe0000, 0x0000000012fe0000)
 End Bits:   [0x0000000012fe0000, 0x0000000013fe0000)

Polling page: 0x0000000000420000

CodeCache: size=245760Kb used=4065Kb max_used=4065Kb free=241694Kb
 bounds [0x00000000022e0000, 0x00000000026e0000, 0x00000000112e0000]
 total_blobs=1351 nmethods=1086 adapters=180
 compilation: enabled

Compilation events (10 events):
Event: 3.141 Thread 0x0000000015ecb000 nmethod 1062 0x00000000026d0650 code [0x00000000026d0840, 0x00000000026d11f8]
Event: 3.141 Thread 0x0000000015ecb000 1095       3       com.android.dx.util.Bits::or (24 bytes)
Event: 3.142 Thread 0x0000000015ecb000 nmethod 1095 0x00000000026cccd0 code [0x00000000026cce40, 0x00000000026cd050]
Event: 3.142 Thread 0x0000000015ecb000 1092       3       com.android.dx.ssa.InterferenceRegisterMapper::addInterfence (62 bytes)
Event: 3.144 Thread 0x0000000015ecb000 nmethod 1092 0x00000000026d2c90 code [0x00000000026d2f60, 0x00000000026d4188]
Event: 3.144 Thread 0x0000000015ecb000 1087       3       com.android.dx.rop.code.Rop::<init> (137 bytes)
Event: 3.145 Thread 0x0000000015ecb000 nmethod 1087 0x00000000026d4f10 code [0x00000000026d5100, 0x00000000026d58b8]
Event: 3.145 Thread 0x0000000015ecb000 1090       3       com.android.dx.ssa.back.FirstFitLocalCombiningAllocator::addMapping (76 bytes)
Event: 3.147 Thread 0x0000000015ecb000 nmethod 1090 0x00000000026d5b90 code [0x00000000026d5e20, 0x00000000026d6e78]
Event: 3.147 Thread 0x0000000015ecb000 1091       3       com.android.dx.ssa.InterferenceRegisterMapper::addMapping (27 bytes)

GC Heap History (10 events):
Event: 1.031 GC heap before
{Heap before GC invocations=5 (full 0):
 PSYoungGen      total 2560K, used 2536K [0x00000000eab00000, 0x00000000eae00000, 0x0000000100000000)
  eden space 2048K, 100% used [0x00000000eab00000,0x00000000ead00000,0x00000000ead00000)
  from space 512K, 95% used [0x00000000ead80000,0x00000000eadfa020,0x00000000eae00000)
  to   space 512K, 0% used [0x00000000ead00000,0x00000000ead00000,0x00000000ead80000)
 ParOldGen       total 29184K, used 607K [0x00000000c0000000, 0x00000000c1c80000, 0x00000000eab00000)
  object space 29184K, 2% used [0x00000000c0000000,0x00000000c0097d38,0x00000000c1c80000)
 Metaspace       used 3470K, capacity 4720K, committed 4864K, reserved 1056768K
  class space    used 377K, capacity 424K, committed 512K, reserved 1048576K
Event: 1.044 GC heap after
Heap after GC invocations=5 (full 0):
 PSYoungGen      total 2560K, used 488K [0x00000000eab00000, 0x00000000eb100000, 0x0000000100000000)
  eden space 2048K, 0% used [0x00000000eab00000,0x00000000eab00000,0x00000000ead00000)
  from space 512K, 95% used [0x00000000ead00000,0x00000000ead7a020,0x00000000ead80000)
  to   space 1024K, 0% used [0x00000000eb000000,0x00000000eb000000,0x00000000eb100000)
 ParOldGen       total 29184K, used 615K [0x00000000c0000000, 0x00000000c1c80000, 0x00000000eab00000)
  object space 29184K, 2% used [0x00000000c0000000,0x00000000c0099d38,0x00000000c1c80000)
 Metaspace       used 3470K, capacity 4720K, committed 4864K, reserved 1056768K
  class space    used 377K, capacity 424K, committed 512K, reserved 1048576K
}
Event: 1.056 GC heap before
{Heap before GC invocations=6 (full 0):
 PSYoungGen      total 2560K, used 2536K [0x00000000eab00000, 0x00000000eb100000, 0x0000000100000000)
  eden space 2048K, 100% used [0x00000000eab00000,0x00000000ead00000,0x00000000ead00000)
  from space 512K, 95% used [0x00000000ead00000,0x00000000ead7a020,0x00000000ead80000)
  to   space 1024K, 0% used [0x00000000eb000000,0x00000000eb000000,0x00000000eb100000)
 ParOldGen       total 29184K, used 615K [0x00000000c0000000, 0x00000000c1c80000, 0x00000000eab00000)
  object space 29184K, 2% used [0x00000000c0000000,0x00000000c0099d38,0x00000000c1c80000)
 Metaspace       used 3470K, capacity 4720K, committed 4864K, reserved 1056768K
  class space    used 377K, capacity 424K, committed 512K, reserved 1048576K
Event: 1.090 GC heap after
Heap after GC invocations=6 (full 0):
 PSYoungGen      total 5120K, used 472K [0x00000000eab00000, 0x00000000eb100000, 0x0000000100000000)
  eden space 4096K, 0% used [0x00000000eab00000,0x00000000eab00000,0x00000000eaf00000)
  from space 1024K, 46% used [0x00000000eb000000,0x00000000eb076030,0x00000000eb100000)
  to   space 1024K, 0% used [0x00000000eaf00000,0x00000000eaf00000,0x00000000eb000000)
 ParOldGen       total 29184K, used 615K [0x00000000c0000000, 0x00000000c1c80000, 0x00000000eab00000)
  object space 29184K, 2% used [0x00000000c0000000,0x00000000c0099d38,0x00000000c1c80000)
 Metaspace       used 3470K, capacity 4720K, committed 4864K, reserved 1056768K
  class space    used 377K, capacity 424K, committed 512K, reserved 1048576K
}
Event: 1.479 GC heap before
{Heap before GC invocations=7 (full 0):
 PSYoungGen      total 5120K, used 4568K [0x00000000eab00000, 0x00000000eb100000, 0x0000000100000000)
  eden space 4096K, 100% used [0x00000000eab00000,0x00000000eaf00000,0x00000000eaf00000)
  from space 1024K, 46% used [0x00000000eb000000,0x00000000eb076030,0x00000000eb100000)
  to   space 1024K, 0% used [0x00000000eaf00000,0x00000000eaf00000,0x00000000eb000000)
 ParOldGen       total 29184K, used 615K [0x00000000c0000000, 0x00000000c1c80000, 0x00000000eab00000)
  object space 29184K, 2% used [0x00000000c0000000,0x00000000c0099d38,0x00000000c1c80000)
 Metaspace       used 4402K, capacity 5584K, committed 5760K, reserved 1056768K
  class space    used 493K, capacity 520K, committed 640K, reserved 1048576K
Event: 1.530 GC heap after
Heap after GC invocations=7 (full 0):
 PSYoungGen      total 5120K, used 1002K [0x00000000eab00000, 0x00000000eb600000, 0x0000000100000000)
  eden space 4096K, 0% used [0x00000000eab00000,0x00000000eab00000,0x00000000eaf00000)
  from space 1024K, 97% used [0x00000000eaf00000,0x00000000eaffaa90,0x00000000eb000000)
  to   space 1536K, 0% used [0x00000000eb480000,0x00000000eb480000,0x00000000eb600000)
 ParOldGen       total 29184K, used 1348K [0x00000000c0000000, 0x00000000c1c80000, 0x00000000eab00000)
  object space 29184K, 4% used [0x00000000c0000000,0x00000000c0151390,0x00000000c1c80000)
 Metaspace       used 4402K, capacity 5584K, committed 5760K, reserved 1056768K
  class space    used 493K, capacity 520K, committed 640K, reserved 1048576K
}
Event: 1.894 GC heap before
{Heap before GC invocations=8 (full 0):
 PSYoungGen      total 5120K, used 5098K [0x00000000eab00000, 0x00000000eb600000, 0x0000000100000000)
  eden space 4096K, 100% used [0x00000000eab00000,0x00000000eaf00000,0x00000000eaf00000)
  from space 1024K, 97% used [0x00000000eaf00000,0x00000000eaffaa90,0x00000000eb000000)
  to   space 1536K, 0% used [0x00000000eb480000,0x00000000eb480000,0x00000000eb600000)
 ParOldGen       total 29184K, used 1348K [0x00000000c0000000, 0x00000000c1c80000, 0x00000000eab00000)
  object space 29184K, 4% used [0x00000000c0000000,0x00000000c0151390,0x00000000c1c80000)
 Metaspace       used 5381K, capacity 6448K, committed 6528K, reserved 1056768K
  class space    used 589K, capacity 616K, committed 640K, reserved 1048576K
Event: 2.115 GC heap after
Heap after GC invocations=8 (full 0):
 PSYoungGen      total 9216K, used 1527K [0x00000000eab00000, 0x00000000eb700000, 0x0000000100000000)
  eden space 7680K, 0% used [0x00000000eab00000,0x00000000eab00000,0x00000000eb280000)
  from space 1536K, 99% used [0x00000000eb480000,0x00000000eb5fdf80,0x00000000eb600000)
  to   space 2048K, 0% used [0x00000000eb280000,0x00000000eb280000,0x00000000eb480000)
 ParOldGen       total 29184K, used 1713K [0x00000000c0000000, 0x00000000c1c80000, 0x00000000eab00000)
  object space 29184K, 5% used [0x00000000c0000000,0x00000000c01ac560,0x00000000c1c80000)
 Metaspace       used 5381K, capacity 6448K, committed 6528K, reserved 1056768K
  class space    used 589K, capacity 616K, committed 640K, reserved 1048576K
}
Event: 2.846 GC heap before
{Heap before GC invocations=9 (full 0):
 PSYoungGen      total 9216K, used 9207K [0x00000000eab00000, 0x00000000eb700000, 0x0000000100000000)
  eden space 7680K, 100% used [0x00000000eab00000,0x00000000eb280000,0x00000000eb280000)
  from space 1536K, 99% used [0x00000000eb480000,0x00000000eb5fdf80,0x00000000eb600000)
  to   space 2048K, 0% used [0x00000000eb280000,0x00000000eb280000,0x00000000eb480000)
 ParOldGen       total 29184K, used 1713K [0x00000000c0000000, 0x00000000c1c80000, 0x00000000eab00000)
  object space 29184K, 5% used [0x00000000c0000000,0x00000000c01ac560,0x00000000c1c80000)
 Metaspace       used 5683K, capacity 6704K, committed 6784K, reserved 1056768K
  class space    used 593K, capacity 616K, committed 640K, reserved 1048576K
Event: 3.133 GC heap after
Heap after GC invocations=9 (full 0):
 PSYoungGen      total 9728K, used 2024K [0x00000000eab00000, 0x00000000eb700000, 0x0000000100000000)
  eden space 7680K, 0% used [0x00000000eab00000,0x00000000eab00000,0x00000000eb280000)
  from space 2048K, 98% used [0x00000000eb280000,0x00000000eb47a2e8,0x00000000eb480000)
  to   space 1536K, 0% used [0x00000000eb480000,0x00000000eb480000,0x00000000eb600000)
 ParOldGen       total 29184K, used 1986K [0x00000000c0000000, 0x00000000c1c80000, 0x00000000eab00000)
  object space 29184K, 6% used [0x00000000c0000000,0x00000000c01f0848,0x00000000c1c80000)
 Metaspace       used 5683K, capacity 6704K, committed 6784K, reserved 1056768K
  class space    used 593K, capacity 616K, committed 640K, reserved 1048576K
}

Deoptimization events (1 events):
Event: 2.184 Thread 0x0000000016186000 Uncommon trap: reason=bimorphic action=maybe_recompile pc=0x0000000002521518 method=java.util.HashMap.getNode(ILjava/lang/Object;)Ljava/util/HashMap$Node; @ 126

Internal exceptions (10 events):
Event: 1.821 Thread 0x000000001618a000 Exception <a 'java/security/PrivilegedActionException'> (0x00000000eae1aa10) thrown at [C:\re\workspace\8-2-build-windows-amd64-cygwin\jdk8u11\648\hotspot\src\share\vm\prims\jvm.cpp, line 1248]
Event: 1.824 Thread 0x000000001618a000 Exception <a 'java/security/PrivilegedActionException'> (0x00000000eae1f1d8) thrown at [C:\re\workspace\8-2-build-windows-amd64-cygwin\jdk8u11\648\hotspot\src\share\vm\prims\jvm.cpp, line 1248]
Event: 1.826 Thread 0x0000000016186000 Exception <a 'java/security/PrivilegedActionException'> (0x00000000eae29e48) thrown at [C:\re\workspace\8-2-build-windows-amd64-cygwin\jdk8u11\648\hotspot\src\share\vm\prims\jvm.cpp, line 1248]
Event: 1.827 Thread 0x0000000016186000 Exception <a 'java/security/PrivilegedActionException'> (0x00000000eae2f698) thrown at [C:\re\workspace\8-2-build-windows-amd64-cygwin\jdk8u11\648\hotspot\src\share\vm\prims\jvm.cpp, line 1248]
Event: 1.828 Thread 0x0000000016186000 Exception <a 'java/security/PrivilegedActionException'> (0x00000000eae33840) thrown at [C:\re\workspace\8-2-build-windows-amd64-cygwin\jdk8u11\648\hotspot\src\share\vm\prims\jvm.cpp, line 1248]
Event: 1.864 Thread 0x000000001618a000 Exception <a 'java/security/PrivilegedActionException'> (0x00000000eaeb2d88) thrown at [C:\re\workspace\8-2-build-windows-amd64-cygwin\jdk8u11\648\hotspot\src\share\vm\prims\jvm.cpp, line 1248]
Event: 2.180 Thread 0x000000001618a000 Exception <a 'java/security/PrivilegedActionException'> (0x00000000eab1d1e0) thrown at [C:\re\workspace\8-2-build-windows-amd64-cygwin\jdk8u11\648\hotspot\src\share\vm\prims\jvm.cpp, line 1248]
Event: 2.230 Thread 0x000000001627b000 Exception <a 'java/security/PrivilegedActionException'> (0x00000000eabead30) thrown at [C:\re\workspace\8-2-build-windows-amd64-cygwin\jdk8u11\648\hotspot\src\share\vm\prims\jvm.cpp, line 1248]
Event: 2.366 Thread 0x000000001627b000 Exception <a 'java/security/PrivilegedActionException'> (0x00000000eae8e568) thrown at [C:\re\workspace\8-2-build-windows-amd64-cygwin\jdk8u11\648\hotspot\src\share\vm\prims\jvm.cpp, line 1248]
Event: 2.773 Thread 0x0000000016186000 Exception <a 'java/security/PrivilegedActionException'> (0x00000000eb157548) thrown at [C:\re\workspace\8-2-build-windows-amd64-cygwin\jdk8u11\648\hotspot\src\share\vm\prims\jvm.cpp, line 1248]

Events (10 events):
Event: 2.369 loading class java/util/HashMap$Values
Event: 2.370 loading class java/util/HashMap$Values done
Event: 2.370 loading class java/util/HashMap$ValueIterator
Event: 2.370 loading class java/util/HashMap$ValueIterator done
Event: 2.619 Executing VM operation: ForceSafepoint
Event: 2.620 Executing VM operation: ForceSafepoint done
Event: 2.773 loading class com/android/dx/cf/code/SwitchList
Event: 2.773 loading class com/android/dx/cf/code/SwitchList done
Event: 2.845 Executing VM operation: ParallelGCFailedAllocation
Event: 3.133 Executing VM operation: ParallelGCFailedAllocation done


Dynamic libraries:
0x000000013f980000 - 0x000000013f9b4000 	D:\Java\jdk1.8.0_11\bin\java.exe
0x0000000077780000 - 0x0000000077929000 	C:\Windows\SYSTEM32\ntdll.dll
0x0000000077560000 - 0x000000007767f000 	C:\Windows\system32\kernel32.dll
0x000007fefd760000 - 0x000007fefd7cc000 	C:\Windows\system32\KERNELBASE.dll
0x000007feff710000 - 0x000007feff7eb000 	C:\Windows\system32\ADVAPI32.dll
0x000007fefeee0000 - 0x000007fefef7f000 	C:\Windows\system32\msvcrt.dll
0x000007fefda30000 - 0x000007fefda4f000 	C:\Windows\SYSTEM32\sechost.dll
0x000007feff2d0000 - 0x000007feff3fd000 	C:\Windows\system32\RPCRT4.dll
0x0000000077680000 - 0x000000007777a000 	C:\Windows\system32\USER32.dll
0x000007feff470000 - 0x000007feff4d7000 	C:\Windows\system32\GDI32.dll
0x000007fefed60000 - 0x000007fefed6e000 	C:\Windows\system32\LPK.dll
0x000007fefed70000 - 0x000007fefee39000 	C:\Windows\system32\USP10.dll
0x000007fefbf30000 - 0x000007fefc124000 	C:\Windows\WinSxS\amd64_microsoft.windows.common-controls_6595b64144ccf1df_6.0.7601.18837_none_fa3b1e3d17594757\COMCTL32.dll
0x000007feff690000 - 0x000007feff701000 	C:\Windows\system32\SHLWAPI.dll
0x000007feff7f0000 - 0x000007feff81e000 	C:\Windows\system32\IMM32.DLL
0x000007feff580000 - 0x000007feff689000 	C:\Windows\system32\MSCTF.dll
0x0000000050a10000 - 0x0000000050ae2000 	D:\Java\jdk1.8.0_11\jre\bin\msvcr100.dll
0x00000000701b0000 - 0x00000000709da000 	D:\Java\jdk1.8.0_11\jre\bin\server\jvm.dll
0x000007fef1730000 - 0x000007fef1739000 	C:\Windows\system32\WSOCK32.dll
0x000007feff400000 - 0x000007feff44d000 	C:\Windows\system32\WS2_32.dll
0x000007fefd8e0000 - 0x000007fefd8e8000 	C:\Windows\system32\NSI.dll
0x000007fef8900000 - 0x000007fef893b000 	C:\Windows\system32\WINMM.dll
0x0000000077950000 - 0x0000000077957000 	C:\Windows\system32\PSAPI.DLL
0x0000000056470000 - 0x000000005647f000 	D:\Java\jdk1.8.0_11\jre\bin\verify.dll
0x0000000056440000 - 0x0000000056468000 	D:\Java\jdk1.8.0_11\jre\bin\java.dll
0x0000000050ed0000 - 0x0000000050ee6000 	D:\Java\jdk1.8.0_11\jre\bin\zip.dll
0x000007fefda50000 - 0x000007fefe7d9000 	C:\Windows\system32\SHELL32.dll
0x000007fefeb50000 - 0x000007fefed53000 	C:\Windows\system32\ole32.dll
0x000007fefd520000 - 0x000007fefd52f000 	C:\Windows\system32\profapi.dll

VM Arguments:
jvm_args: -Djava.awt.headless=true -Xmx1024M -Dfile.encoding=GBK -Duser.country=CN -Duser.language=zh -Duser.variant 
java_command: com.android.dx.command.Main --dex --force-jumbo --num-threads=4 --output E:\AndroidStudioProjects\CustomerApp\app\build\intermediates\pre-dexed\debug\com.android.support-appcompat-v7-23.4.0_15c3c591de4a795cb2e5bba961551a5eda316c88.jar E:\AndroidStudioProjects\CustomerApp\app\build\intermediates\exploded-aar\com.android.support\appcompat-v7\23.4.0\jars\classes.jar
java_class_path (initial): F:\Android_Studio\sdk\build-tools\24.0.1\lib\dx.jar
Launcher Type: SUN_STANDARD

Environment Variables:
JAVA_HOME=D:\Java\jdk1.8.0_11\
CLASSPATH=.;C:\Program Files (x86)\QuickTime\QTSystem\QTJava.zip
PATH=C:\Windows\system32;C:\Windows;C:\Windows\System32\Wbem;C:\Windows\System32\WindowsPowerShell\v1.0\;C:\Program Files (x86)\Microsoft SQL Server\100\Tools\Binn\;C:\Program Files\Microsoft SQL Server\100\Tools\Binn\;C:\Program Files\Microsoft SQL Server\100\DTS\Binn\;C:\Program Files (x86)\ATI Technologies\ATI.ACE\Core-Static;D:\Java\jdk1.8.0_11\\bin;C:\Program Files\Microsoft SQL Server\110\Tools\Binn\;E:\Git;E:\TortoiseGit\bin;C:\Python27;C:\Program Files\Microsoft Windows Performance Toolkit\;E:\TortoiseSVN\bin;E:\webRTC_third\depot_tools;F:\Tomcat\apache-tomcat-7.0.63\lib;F:\Tomcat\apache-tomcat-7.0.63\bin;C:\Program Files (x86)\QuickTime\QTSystem\;D:\maven\apache-maven-3.3.3\bin;D:\groovy\groovy-2.4.7\bin;D:\gradle\gradle-2.14.1/bin
USERNAME=Administrator
OS=Windows_NT
PROCESSOR_IDENTIFIER=Intel64 Family 6 Model 37 Stepping 5, GenuineIntel



---------------  S Y S T E M  ---------------

OS: Windows 7 , 64 bit Build 7601 Service Pack 1

CPU:total 4 (2 cores per cpu, 2 threads per core) family 6 model 37 stepping 5, cmov, cx8, fxsr, mmx, sse, sse2, sse3, ssse3, sse4.1, sse4.2, popcnt, ht, tsc, tscinvbit

Memory: 4k page, physical 1954280k(25756k free), swap 7817120k(4748k free)

vm_info: Java HotSpot(TM) 64-Bit Server VM (25.11-b03) for windows-amd64 JRE (1.8.0_11-b12), built on Jun 16 2014 20:57:32 by "java_re" with MS VC++ 10.0 (VS2010)

time: Mon Aug 01 18:19:14 2016
elapsed time: 3 seconds

