#
# There is insufficient memory for the Java Runtime Environment to continue.
# Native memory allocation (malloc) failed to allocate 32744 bytes for ChunkPool::allocate
# Possible reasons:
#   The system is out of physical RAM or swap space
#   In 32 bit mode, the process size limit was hit
# Possible solutions:
#   Reduce memory load on the system
#   Increase physical memory or swap space
#   Check if swap backing store is full
#   Use 64 bit Java on a 64 bit OS
#   Decrease Java heap size (-Xmx/-Xms)
#   Decrease number of Java threads
#   Decrease Java thread stack sizes (-Xss)
#   Set larger code cache with -XX:ReservedCodeCacheSize=
# This output file may be truncated or incomplete.
#
#  Out of Memory Error (allocation.cpp:271), pid=10764, tid=10576
#
# JRE version: Java(TM) SE Runtime Environment (8.0_11-b12) (build 1.8.0_11-b12)
# Java VM: Java HotSpot(TM) 64-Bit Server VM (25.11-b03 mixed mode windows-amd64 compressed oops)
# Failed to write core dump. Minidumps are not enabled by default on client versions of Windows
#

---------------  T H R E A D  ---------------

Current thread (0x00000000160d5000):  JavaThread "C2 CompilerThread0" daemon [_thread_in_native, id=10576, stack(0x00000000169a0000,0x0000000016aa0000)]

Stack: [0x00000000169a0000,0x0000000016aa0000]
[error occurred during error reporting (printing stack bounds), id 0xc0000005]

Native frames: (J=compiled Java code, j=interpreted, Vv=VM code, C=native code)
V  [jvm.dll+0x308eca]


Current CompileTask:
C2:   2920  625       4       java.util.HashMap::get (23 bytes)


---------------  P R O C E S S  ---------------

Java Threads: ( => current thread )
  0x00000000163e9800 JavaThread "pool-1-thread-4" [_thread_in_Java, id=5824, stack(0x0000000011b30000,0x0000000011c30000)]
  0x00000000163c6000 JavaThread "pool-1-thread-3" [_thread_blocked, id=8600, stack(0x0000000017d80000,0x0000000017e80000)]
  0x00000000163c5800 JavaThread "pool-1-thread-2" [_thread_blocked, id=11880, stack(0x0000000017c00000,0x0000000017d00000)]
  0x00000000163c4000 JavaThread "pool-2-thread-1" [_thread_blocked, id=9504, stack(0x0000000017a40000,0x0000000017b40000)]
  0x00000000163bb800 JavaThread "pool-1-thread-1" [_thread_blocked, id=3488, stack(0x00000000178a0000,0x00000000179a0000)]
  0x00000000160de000 JavaThread "Service Thread" daemon [_thread_blocked, id=11420, stack(0x0000000016dd0000,0x0000000016ed0000)]
  0x00000000160da800 JavaThread "C1 CompilerThread2" daemon [_thread_in_native, id=10088, stack(0x0000000016cc0000,0x0000000016dc0000)]
  0x00000000160d9800 JavaThread "C2 CompilerThread1" daemon [_thread_in_native, id=1852, stack(0x0000000016b90000,0x0000000016c90000)]
=>0x00000000160d5000 JavaThread "C2 CompilerThread0" daemon [_thread_in_native, id=10576, stack(0x00000000169a0000,0x0000000016aa0000)]
  0x0000000014d7f800 JavaThread "Attach Listener" daemon [_thread_blocked, id=8772, stack(0x00000000167a0000,0x00000000168a0000)]
  0x0000000014d7c000 JavaThread "Signal Dispatcher" daemon [_thread_blocked, id=8712, stack(0x0000000016510000,0x0000000016610000)]
  0x0000000014d14800 JavaThread "Finalizer" daemon [_thread_blocked, id=10528, stack(0x0000000015ce0000,0x0000000015de0000)]
  0x0000000014d09800 JavaThread "Reference Handler" daemon [_thread_blocked, id=10380, stack(0x0000000015fc0000,0x00000000160c0000)]
  0x00000000021de800 JavaThread "main" [_thread_in_native, id=6700, stack(0x0000000002300000,0x0000000002400000)]

Other Threads:
  0x0000000014d05800 VMThread [stack: 0x0000000015e10000,0x0000000015f10000] [id=10336]
  0x000000001616c000 WatcherThread [stack: 0x0000000016f00000,0x0000000017000000] [id=10376]

VM state:not at safepoint (normal execution)

VM Mutex/Monitor currently owned by a thread: None

Heap:
 PSYoungGen      total 5632K, used 5226K [0x00000000eab00000, 0x00000000eb600000, 0x0000000100000000)
  eden space 4096K, 90% used [0x00000000eab00000,0x00000000eae9f478,0x00000000eaf00000)
  from space 1536K, 98% used [0x00000000eb480000,0x00000000eb5fb760,0x00000000eb600000)
  to   space 1024K, 0% used [0x00000000eaf00000,0x00000000eaf00000,0x00000000eb000000)
 ParOldGen       total 29184K, used 1548K [0x00000000c0000000, 0x00000000c1c80000, 0x00000000eab00000)
  object space 29184K, 5% used [0x00000000c0000000,0x00000000c01832e8,0x00000000c1c80000)
 Metaspace       used 5489K, capacity 6512K, committed 6784K, reserved 1056768K
  class space    used 585K, capacity 616K, committed 640K, reserved 1048576K

Card table byte_map: [0x00000000117c0000,0x00000000119d0000] byte_map_base: 0x00000000111c0000

Marking Bits: (ParMarkBitMap*) 0x00000000709612b0
 Begin Bits: [0x0000000012180000, 0x0000000013180000)
 End Bits:   [0x0000000013180000, 0x0000000014180000)

Polling page: 0x0000000000410000

CodeCache: size=245760Kb used=2275Kb max_used=2278Kb free=243484Kb
 bounds [0x0000000002400000, 0x0000000002670000, 0x0000000011400000]
 total_blobs=871 nmethods=606 adapters=180
 compilation: enabled

Compilation events (10 events):
Event: 2.796 Thread 0x00000000160da800 nmethod 578 0x000000000263a650 code [0x000000000263a7a0, 0x000000000263a8b0]
Event: 2.796 Thread 0x00000000160da800  579       1       com.android.dx.cf.code.RopperMachine::getPrimarySuccessorIndex (5 bytes)
Event: 2.796 Thread 0x00000000160da800 nmethod 579 0x000000000263a390 code [0x000000000263a4e0, 0x000000000263a5f0]
Event: 2.796 Thread 0x00000000160da800  624   !   3       com.android.dx.rop.code.LocalVariableInfo::getStarts0 (18 bytes)
Event: 2.797 Thread 0x00000000160da800 nmethod 624 0x0000000002639e50 code [0x0000000002639fc0, 0x000000000263a208]
Event: 2.797 Thread 0x00000000160da800  623       3       com.android.dx.util.IntList::sort (29 bytes)
Event: 2.797 Thread 0x00000000160da800 nmethod 623 0x0000000002637a50 code [0x0000000002637c00, 0x0000000002638068]
Event: 2.797 Thread 0x00000000160da800  588       1       com.android.dx.ssa.SsaRenamer::access$700 (5 bytes)
Event: 2.797 Thread 0x00000000160da800 nmethod 588 0x0000000002639b10 code [0x0000000002639c60, 0x0000000002639d50]
Event: 2.797 Thread 0x00000000160da800  626   !   3       com.android.dx.cf.code.BytecodeArray::parseInstruction (2764 bytes)

GC Heap History (10 events):
Event: 1.186 GC heap before
{Heap before GC invocations=4 (full 0):
 PSYoungGen      total 1536K, used 1528K [0x00000000eab00000, 0x00000000eae00000, 0x0000000100000000)
  eden space 1024K, 100% used [0x00000000eab00000,0x00000000eac00000,0x00000000eac00000)
  from space 512K, 98% used [0x00000000eac00000,0x00000000eac7e030,0x00000000eac80000)
  to   space 512K, 0% used [0x00000000ead80000,0x00000000ead80000,0x00000000eae00000)
 ParOldGen       total 29184K, used 657K [0x00000000c0000000, 0x00000000c1c80000, 0x00000000eab00000)
  object space 29184K, 2% used [0x00000000c0000000,0x00000000c00a4408,0x00000000c1c80000)
 Metaspace       used 3473K, capacity 4720K, committed 4864K, reserved 1056768K
  class space    used 377K, capacity 424K, committed 512K, reserved 1048576K
Event: 1.213 GC heap after
Heap after GC invocations=4 (full 0):
 PSYoungGen      total 2560K, used 456K [0x00000000eab00000, 0x00000000eae00000, 0x0000000100000000)
  eden space 2048K, 0% used [0x00000000eab00000,0x00000000eab00000,0x00000000ead00000)
  from space 512K, 89% used [0x00000000ead80000,0x00000000eadf2020,0x00000000eae00000)
  to   space 512K, 0% used [0x00000000ead00000,0x00000000ead00000,0x00000000ead80000)
 ParOldGen       total 29184K, used 657K [0x00000000c0000000, 0x00000000c1c80000, 0x00000000eab00000)
  object space 29184K, 2% used [0x00000000c0000000,0x00000000c00a4408,0x00000000c1c80000)
 Metaspace       used 3473K, capacity 4720K, committed 4864K, reserved 1056768K
  class space    used 377K, capacity 424K, committed 512K, reserved 1048576K
}
Event: 1.222 GC heap before
{Heap before GC invocations=5 (full 0):
 PSYoungGen      total 2560K, used 2504K [0x00000000eab00000, 0x00000000eae00000, 0x0000000100000000)
  eden space 2048K, 100% used [0x00000000eab00000,0x00000000ead00000,0x00000000ead00000)
  from space 512K, 89% used [0x00000000ead80000,0x00000000eadf2020,0x00000000eae00000)
  to   space 512K, 0% used [0x00000000ead00000,0x00000000ead00000,0x00000000ead80000)
 ParOldGen       total 29184K, used 657K [0x00000000c0000000, 0x00000000c1c80000, 0x00000000eab00000)
  object space 29184K, 2% used [0x00000000c0000000,0x00000000c00a4408,0x00000000c1c80000)
 Metaspace       used 3473K, capacity 4720K, committed 4864K, reserved 1056768K
  class space    used 377K, capacity 424K, committed 512K, reserved 1048576K
Event: 1.231 GC heap after
Heap after GC invocations=5 (full 0):
 PSYoungGen      total 2560K, used 504K [0x00000000eab00000, 0x00000000eb100000, 0x0000000100000000)
  eden space 2048K, 0% used [0x00000000eab00000,0x00000000eab00000,0x00000000ead00000)
  from space 512K, 98% used [0x00000000ead00000,0x00000000ead7e030,0x00000000ead80000)
  to   space 1024K, 0% used [0x00000000eb000000,0x00000000eb000000,0x00000000eb100000)
 ParOldGen       total 29184K, used 665K [0x00000000c0000000, 0x00000000c1c80000, 0x00000000eab00000)
  object space 29184K, 2% used [0x00000000c0000000,0x00000000c00a6408,0x00000000c1c80000)
 Metaspace       used 3473K, capacity 4720K, committed 4864K, reserved 1056768K
  class space    used 377K, capacity 424K, committed 512K, reserved 1048576K
}
Event: 1.242 GC heap before
{Heap before GC invocations=6 (full 0):
 PSYoungGen      total 2560K, used 2552K [0x00000000eab00000, 0x00000000eb100000, 0x0000000100000000)
  eden space 2048K, 100% used [0x00000000eab00000,0x00000000ead00000,0x00000000ead00000)
  from space 512K, 98% used [0x00000000ead00000,0x00000000ead7e030,0x00000000ead80000)
  to   space 1024K, 0% used [0x00000000eb000000,0x00000000eb000000,0x00000000eb100000)
 ParOldGen       total 29184K, used 665K [0x00000000c0000000, 0x00000000c1c80000, 0x00000000eab00000)
  object space 29184K, 2% used [0x00000000c0000000,0x00000000c00a6408,0x00000000c1c80000)
 Metaspace       used 3473K, capacity 4720K, committed 4864K, reserved 1056768K
  class space    used 377K, capacity 424K, committed 512K, reserved 1048576K
Event: 1.294 GC heap after
Heap after GC invocations=6 (full 0):
 PSYoungGen      total 5120K, used 488K [0x00000000eab00000, 0x00000000eb100000, 0x0000000100000000)
  eden space 4096K, 0% used [0x00000000eab00000,0x00000000eab00000,0x00000000eaf00000)
  from space 1024K, 47% used [0x00000000eb000000,0x00000000eb07a020,0x00000000eb100000)
  to   space 1024K, 0% used [0x00000000eaf00000,0x00000000eaf00000,0x00000000eb000000)
 ParOldGen       total 29184K, used 665K [0x00000000c0000000, 0x00000000c1c80000, 0x00000000eab00000)
  object space 29184K, 2% used [0x00000000c0000000,0x00000000c00a6408,0x00000000c1c80000)
 Metaspace       used 3473K, capacity 4720K, committed 4864K, reserved 1056768K
  class space    used 377K, capacity 424K, committed 512K, reserved 1048576K
}
Event: 1.675 GC heap before
{Heap before GC invocations=7 (full 0):
 PSYoungGen      total 5120K, used 4570K [0x00000000eab00000, 0x00000000eb100000, 0x0000000100000000)
  eden space 4096K, 99% used [0x00000000eab00000,0x00000000eaefc808,0x00000000eaf00000)
  from space 1024K, 47% used [0x00000000eb000000,0x00000000eb07a020,0x00000000eb100000)
  to   space 1024K, 0% used [0x00000000eaf00000,0x00000000eaf00000,0x00000000eb000000)
 ParOldGen       total 29184K, used 665K [0x00000000c0000000, 0x00000000c1c80000, 0x00000000eab00000)
  object space 29184K, 2% used [0x00000000c0000000,0x00000000c00a6408,0x00000000c1c80000)
 Metaspace       used 4403K, capacity 5584K, committed 5760K, reserved 1056768K
  class space    used 489K, capacity 520K, committed 640K, reserved 1048576K
Event: 1.733 GC heap after
Heap after GC invocations=7 (full 0):
 PSYoungGen      total 5120K, used 1019K [0x00000000eab00000, 0x00000000eb600000, 0x0000000100000000)
  eden space 4096K, 0% used [0x00000000eab00000,0x00000000eab00000,0x00000000eaf00000)
  from space 1024K, 99% used [0x00000000eaf00000,0x00000000eaffef00,0x00000000eb000000)
  to   space 1536K, 0% used [0x00000000eb480000,0x00000000eb480000,0x00000000eb600000)
 ParOldGen       total 29184K, used 1300K [0x00000000c0000000, 0x00000000c1c80000, 0x00000000eab00000)
  object space 29184K, 4% used [0x00000000c0000000,0x00000000c0145140,0x00000000c1c80000)
 Metaspace       used 4403K, capacity 5584K, committed 5760K, reserved 1056768K
  class space    used 489K, capacity 520K, committed 640K, reserved 1048576K
}
Event: 2.293 GC heap before
{Heap before GC invocations=8 (full 0):
 PSYoungGen      total 5120K, used 5115K [0x00000000eab00000, 0x00000000eb600000, 0x0000000100000000)
  eden space 4096K, 100% used [0x00000000eab00000,0x00000000eaf00000,0x00000000eaf00000)
  from space 1024K, 99% used [0x00000000eaf00000,0x00000000eaffef00,0x00000000eb000000)
  to   space 1536K, 0% used [0x00000000eb480000,0x00000000eb480000,0x00000000eb600000)
 ParOldGen       total 29184K, used 1300K [0x00000000c0000000, 0x00000000c1c80000, 0x00000000eab00000)
  object space 29184K, 4% used [0x00000000c0000000,0x00000000c0145140,0x00000000c1c80000)
 Metaspace       used 5323K, capacity 6384K, committed 6528K, reserved 1056768K
  class space    used 582K, capacity 616K, committed 640K, reserved 1048576K
Event: 2.661 GC heap after
Heap after GC invocations=8 (full 0):
 PSYoungGen      total 5632K, used 1517K [0x00000000eab00000, 0x00000000eb600000, 0x0000000100000000)
  eden space 4096K, 0% used [0x00000000eab00000,0x00000000eab00000,0x00000000eaf00000)
  from space 1536K, 98% used [0x00000000eb480000,0x00000000eb5fb760,0x00000000eb600000)
  to   space 1024K, 0% used [0x00000000eaf00000,0x00000000eaf00000,0x00000000eb000000)
 ParOldGen       total 29184K, used 1548K [0x00000000c0000000, 0x00000000c1c80000, 0x00000000eab00000)
  object space 29184K, 5% used [0x00000000c0000000,0x00000000c01832e8,0x00000000c1c80000)
 Metaspace       used 5323K, capacity 6384K, committed 6528K, reserved 1056768K
  class space    used 582K, capacity 616K, committed 640K, reserved 1048576K
}

Deoptimization events (0 events):
No events

Internal exceptions (10 events):
Event: 2.152 Thread 0x00000000021de800 Exception <a 'java/security/PrivilegedActionException'> (0x00000000eadf1370) thrown at [C:\re\workspace\8-2-build-windows-amd64-cygwin\jdk8u11\648\hotspot\src\share\vm\prims\jvm.cpp, line 1248]
Event: 2.157 Thread 0x00000000021de800 Exception <a 'java/security/PrivilegedActionException'> (0x00000000eadfe130) thrown at [C:\re\workspace\8-2-build-windows-amd64-cygwin\jdk8u11\648\hotspot\src\share\vm\prims\jvm.cpp, line 1248]
Event: 2.158 Thread 0x00000000021de800 Exception <a 'java/security/PrivilegedActionException'> (0x00000000eae04518) thrown at [C:\re\workspace\8-2-build-windows-amd64-cygwin\jdk8u11\648\hotspot\src\share\vm\prims\jvm.cpp, line 1248]
Event: 2.160 Thread 0x00000000021de800 Exception <a 'java/security/PrivilegedActionException'> (0x00000000eae091d8) thrown at [C:\re\workspace\8-2-build-windows-amd64-cygwin\jdk8u11\648\hotspot\src\share\vm\prims\jvm.cpp, line 1248]
Event: 2.187 Thread 0x00000000021de800 Exception <a 'java/security/PrivilegedActionException'> (0x00000000eae65b10) thrown at [C:\re\workspace\8-2-build-windows-amd64-cygwin\jdk8u11\648\hotspot\src\share\vm\prims\jvm.cpp, line 1248]
Event: 2.198 Thread 0x00000000163c5800 Exception <a 'java/security/PrivilegedActionException'> (0x00000000eae7da20) thrown at [C:\re\workspace\8-2-build-windows-amd64-cygwin\jdk8u11\648\hotspot\src\share\vm\prims\jvm.cpp, line 1248]
Event: 2.235 Thread 0x00000000163c5800 Exception <a 'java/security/PrivilegedActionException'> (0x00000000eaebc680) thrown at [C:\re\workspace\8-2-build-windows-amd64-cygwin\jdk8u11\648\hotspot\src\share\vm\prims\jvm.cpp, line 1248]
Event: 2.664 Thread 0x00000000021de800 Exception <a 'java/security/PrivilegedActionException'> (0x00000000eab06510) thrown at [C:\re\workspace\8-2-build-windows-amd64-cygwin\jdk8u11\648\hotspot\src\share\vm\prims\jvm.cpp, line 1248]
Event: 2.787 Thread 0x00000000163c5800 Exception <a 'java/security/PrivilegedActionException'> (0x00000000eac03c08) thrown at [C:\re\workspace\8-2-build-windows-amd64-cygwin\jdk8u11\648\hotspot\src\share\vm\prims\jvm.cpp, line 1248]
Event: 2.872 Thread 0x00000000163c5800 Exception <a 'java/security/PrivilegedActionException'> (0x00000000eadb1dd8) thrown at [C:\re\workspace\8-2-build-windows-amd64-cygwin\jdk8u11\648\hotspot\src\share\vm\prims\jvm.cpp, line 1248]

Events (10 events):
Event: 2.664 loading class com/android/dx/cf/attrib/AttLocalVariableTypeTable
Event: 2.664 loading class com/android/dx/cf/attrib/AttLocalVariableTypeTable done
Event: 2.787 loading class com/android/dx/cf/code/Ropper$ExceptionHandlerSetup
Event: 2.787 loading class com/android/dx/cf/code/Ropper$ExceptionHandlerSetup done
Event: 2.791 loading class java/util/HashMap$Values
Event: 2.791 loading class java/util/HashMap$Values done
Event: 2.791 loading class java/util/HashMap$ValueIterator
Event: 2.791 loading class java/util/HashMap$ValueIterator done
Event: 2.872 loading class com/android/dx/dex/file/MethodAnnotationStruct
Event: 2.872 loading class com/android/dx/dex/file/MethodAnnotationStruct done


Dynamic libraries:
0x000000013f980000 - 0x000000013f9b4000 	D:\Java\jdk1.8.0_11\bin\java.exe
0x0000000077780000 - 0x0000000077929000 	C:\Windows\SYSTEM32\ntdll.dll
0x0000000077560000 - 0x000000007767f000 	C:\Windows\system32\kernel32.dll
0x000007fefd760000 - 0x000007fefd7cc000 	C:\Windows\system32\KERNELBASE.dll
0x000007feff710000 - 0x000007feff7eb000 	C:\Windows\system32\ADVAPI32.dll
0x000007fefeee0000 - 0x000007fefef7f000 	C:\Windows\system32\msvcrt.dll
0x000007fefda30000 - 0x000007fefda4f000 	C:\Windows\SYSTEM32\sechost.dll
0x000007feff2d0000 - 0x000007feff3fd000 	C:\Windows\system32\RPCRT4.dll
0x0000000077680000 - 0x000000007777a000 	C:\Windows\system32\USER32.dll
0x000007feff470000 - 0x000007feff4d7000 	C:\Windows\system32\GDI32.dll
0x000007fefed60000 - 0x000007fefed6e000 	C:\Windows\system32\LPK.dll
0x000007fefed70000 - 0x000007fefee39000 	C:\Windows\system32\USP10.dll
0x000007fefbf30000 - 0x000007fefc124000 	C:\Windows\WinSxS\amd64_microsoft.windows.common-controls_6595b64144ccf1df_6.0.7601.18837_none_fa3b1e3d17594757\COMCTL32.dll
0x000007feff690000 - 0x000007feff701000 	C:\Windows\system32\SHLWAPI.dll
0x000007feff7f0000 - 0x000007feff81e000 	C:\Windows\system32\IMM32.DLL
0x000007feff580000 - 0x000007feff689000 	C:\Windows\system32\MSCTF.dll
0x0000000050a10000 - 0x0000000050ae2000 	D:\Java\jdk1.8.0_11\jre\bin\msvcr100.dll
0x00000000701b0000 - 0x00000000709da000 	D:\Java\jdk1.8.0_11\jre\bin\server\jvm.dll
0x000007fef1730000 - 0x000007fef1739000 	C:\Windows\system32\WSOCK32.dll
0x000007feff400000 - 0x000007feff44d000 	C:\Windows\system32\WS2_32.dll
0x000007fefd8e0000 - 0x000007fefd8e8000 	C:\Windows\system32\NSI.dll
0x000007fef8900000 - 0x000007fef893b000 	C:\Windows\system32\WINMM.dll
0x0000000077950000 - 0x0000000077957000 	C:\Windows\system32\PSAPI.DLL
0x0000000056470000 - 0x000000005647f000 	D:\Java\jdk1.8.0_11\jre\bin\verify.dll
0x0000000056440000 - 0x0000000056468000 	D:\Java\jdk1.8.0_11\jre\bin\java.dll
0x0000000050ed0000 - 0x0000000050ee6000 	D:\Java\jdk1.8.0_11\jre\bin\zip.dll
0x000007fefda50000 - 0x000007fefe7d9000 	C:\Windows\system32\SHELL32.dll
0x000007fefeb50000 - 0x000007fefed53000 	C:\Windows\system32\ole32.dll
0x000007fefd520000 - 0x000007fefd52f000 	C:\Windows\system32\profapi.dll

VM Arguments:
jvm_args: -Djava.awt.headless=true -Xmx1024M -Dfile.encoding=GBK -Duser.country=CN -Duser.language=zh -Duser.variant 
java_command: com.android.dx.command.Main --dex --force-jumbo --num-threads=4 --output E:\AndroidStudioProjects\CustomerApp\app\build\intermediates\pre-dexed\debug\internal_impl-23.4.0_bdbf4f64bdc3431af1a2f80944c41e841aa25d5d.jar E:\AndroidStudioProjects\CustomerApp\app\build\intermediates\exploded-aar\com.android.support\support-v4\23.4.0\jars\libs\internal_impl-23.4.0.jar
java_class_path (initial): F:\Android_Studio\sdk\build-tools\24.0.1\lib\dx.jar
Launcher Type: SUN_STANDARD

Environment Variables:
JAVA_HOME=D:\Java\jdk1.8.0_11\
CLASSPATH=.;C:\Program Files (x86)\QuickTime\QTSystem\QTJava.zip
PATH=C:\Windows\system32;C:\Windows;C:\Windows\System32\Wbem;C:\Windows\System32\WindowsPowerShell\v1.0\;C:\Program Files (x86)\Microsoft SQL Server\100\Tools\Binn\;C:\Program Files\Microsoft SQL Server\100\Tools\Binn\;C:\Program Files\Microsoft SQL Server\100\DTS\Binn\;C:\Program Files (x86)\ATI Technologies\ATI.ACE\Core-Static;D:\Java\jdk1.8.0_11\\bin;C:\Program Files\Microsoft SQL Server\110\Tools\Binn\;E:\Git;E:\TortoiseGit\bin;C:\Python27;C:\Program Files\Microsoft Windows Performance Toolkit\;E:\TortoiseSVN\bin;E:\webRTC_third\depot_tools;F:\Tomcat\apache-tomcat-7.0.63\lib;F:\Tomcat\apache-tomcat-7.0.63\bin;C:\Program Files (x86)\QuickTime\QTSystem\;D:\maven\apache-maven-3.3.3\bin;D:\groovy\groovy-2.4.7\bin;D:\gradle\gradle-2.14.1/bin
USERNAME=Administrator
OS=Windows_NT
PROCESSOR_IDENTIFIER=Intel64 Family 6 Model 37 Stepping 5, GenuineIntel



---------------  S Y S T E M  ---------------

OS: Windows 7 , 64 bit Build 7601 Service Pack 1

CPU:total 4 (2 cores per cpu, 2 threads per core) family 6 model 37 stepping 5, cmov, cx8, fxsr, mmx, sse, sse2, sse3, ssse3, sse4.1, sse4.2, popcnt, ht, tsc, tscinvbit

Memory: 4k page, physical 1954280k(30420k free), swap 7817120k(3764k free)

vm_info: Java HotSpot(TM) 64-Bit Server VM (25.11-b03) for windows-amd64 JRE (1.8.0_11-b12), built on Jun 16 2014 20:57:32 by "java_re" with MS VC++ 10.0 (VS2010)

time: Mon Aug 01 18:22:02 2016
elapsed time: 2 seconds

