#
# There is insufficient memory for the Java Runtime Environment to continue.
# Native memory allocation (malloc) failed to allocate 64000 bytes for AllocateHeap
# Possible reasons:
#   The system is out of physical RAM or swap space
#   In 32 bit mode, the process size limit was hit
# Possible solutions:
#   Reduce memory load on the system
#   Increase physical memory or swap space
#   Check if swap backing store is full
#   Use 64 bit Java on a 64 bit OS
#   Decrease Java heap size (-Xmx/-Xms)
#   Decrease number of Java threads
#   Decrease Java thread stack sizes (-Xss)
#   Set larger code cache with -XX:ReservedCodeCacheSize=
# This output file may be truncated or incomplete.
#
#  Out of Memory Error (memory/allocation.inline.hpp:62), pid=11100, tid=11460
#
# JRE version: Java(TM) SE Runtime Environment (8.0_11-b12) (build 1.8.0_11-b12)
# Java VM: Java HotSpot(TM) 64-Bit Server VM (25.11-b03 mixed mode windows-amd64 compressed oops)
# Failed to write core dump. Minidumps are not enabled by default on client versions of Windows
#

---------------  T H R E A D  ---------------

Current thread (0x0000000014c05800):  VMThread [stack: 0x0000000015df0000,0x0000000015ef0000] [id=11460]

Stack: [0x0000000015df0000,0x0000000015ef0000]
Native frames: (J=compiled Java code, j=interpreted, Vv=VM code, C=native code)
V  [jvm.dll+0x308eca]

VM_Operation (0x00000000177ca060): CollectForMetadataAllocation, mode: safepoint, requested by thread 0x0000000016380800


---------------  P R O C E S S  ---------------

Java Threads: ( => current thread )
  0x0000000016d72800 JavaThread "pool-1-thread-3" [_thread_blocked, id=1904, stack(0x0000000017c50000,0x0000000017d50000)]
  0x0000000016324000 JavaThread "pool-1-thread-2" [_thread_blocked, id=3660, stack(0x0000000017a50000,0x0000000017b50000)]
  0x0000000016381000 JavaThread "pool-2-thread-1" [_thread_blocked, id=9340, stack(0x00000000178c0000,0x00000000179c0000)]
  0x0000000016380800 JavaThread "pool-1-thread-1" [_thread_blocked, id=9484, stack(0x00000000176d0000,0x00000000177d0000)]
  0x00000000160e5000 JavaThread "Service Thread" daemon [_thread_blocked, id=9192, stack(0x0000000016c70000,0x0000000016d70000)]
  0x00000000160dd800 JavaThread "C1 CompilerThread2" daemon [_thread_blocked, id=9688, stack(0x00000000169b0000,0x0000000016ab0000)]
  0x00000000160d5000 JavaThread "C2 CompilerThread1" daemon [_thread_blocked, id=3792, stack(0x0000000016600000,0x0000000016700000)]
  0x0000000014c77000 JavaThread "C2 CompilerThread0" daemon [_thread_blocked, id=9600, stack(0x0000000016880000,0x0000000016980000)]
  0x0000000016085000 JavaThread "Attach Listener" daemon [_thread_blocked, id=10816, stack(0x0000000016700000,0x0000000016800000)]
  0x0000000016082000 JavaThread "Signal Dispatcher" daemon [_thread_blocked, id=12120, stack(0x00000000164a0000,0x00000000165a0000)]
  0x0000000014c14800 JavaThread "Finalizer" daemon [_thread_blocked, id=9968, stack(0x0000000015f70000,0x0000000016070000)]
  0x0000000014c09800 JavaThread "Reference Handler" daemon [_thread_blocked, id=11092, stack(0x0000000015cb0000,0x0000000015db0000)]
  0x000000000014e800 JavaThread "main" [_thread_blocked, id=10436, stack(0x0000000002200000,0x0000000002300000)]

Other Threads:
=>0x0000000014c05800 VMThread [stack: 0x0000000015df0000,0x0000000015ef0000] [id=11460]
  0x00000000160e9800 WatcherThread [stack: 0x0000000016ac0000,0x0000000016bc0000] [id=12060]

VM state:at safepoint (normal execution)

VM Mutex/Monitor currently owned by a thread:  ([mutex/lock_event])
[0x000000000014c4c0] Threads_lock - owner thread: 0x0000000014c05800
[0x000000000014c9c0] Heap_lock - owner thread: 0x0000000016380800

Heap:
 PSYoungGen      total 5120K, used 519K [0x00000000eab00000, 0x00000000eb100000, 0x0000000100000000)
  eden space 4096K, 0% used [0x00000000eab00000,0x00000000eab00000,0x00000000eaf00000)
  from space 1024K, 50% used [0x00000000eb000000,0x00000000eb081c50,0x00000000eb100000)
  to   space 1024K, 0% used [0x00000000eaf00000,0x00000000eaf00000,0x00000000eb000000)
 ParOldGen       total 29184K, used 1514K [0x00000000c0000000, 0x00000000c1c80000, 0x00000000eab00000)
  object space 29184K, 5% used [0x00000000c0000000,0x00000000c017ab88,0x00000000c1c80000)
 Metaspace       used 4797K, capacity 5872K, committed 6016K, reserved 1060864K
  class space    used 534K, capacity 552K, committed 640K, reserved 1048576K

Card table byte_map: [0x0000000011780000,0x0000000011990000] byte_map_base: 0x0000000011180000

Marking Bits: (ParMarkBitMap*) 0x00000000709612b0
 Begin Bits: [0x0000000012080000, 0x0000000013080000)
 End Bits:   [0x0000000013080000, 0x0000000014080000)

Polling page: 0x0000000000110000

CodeCache: size=245760Kb used=1855Kb max_used=1858Kb free=243904Kb
 bounds [0x00000000023c0000, 0x0000000002630000, 0x00000000113c0000]
 total_blobs=610 nmethods=349 adapters=176
 compilation: enabled

Compilation events (10 events):
Event: 2.978 Thread 0x00000000160dd800  345   !   3       com.android.dx.util.FixedSizeList::get0 (47 bytes)
Event: 2.979 Thread 0x00000000160dd800 nmethod 345 0x000000000258fdd0 code [0x000000000258ffe0, 0x0000000002590a58]
Event: 2.979 Thread 0x00000000160dd800  346       1       com.android.dx.rop.code.Rop::getBranchingness (5 bytes)
Event: 2.979 Thread 0x00000000160dd800 nmethod 346 0x000000000258fb10 code [0x000000000258fc60, 0x000000000258fd70]
Event: 2.980 Thread 0x00000000160dd800  347       1       com.android.dx.rop.type.Prototype::getDescriptor (5 bytes)
Event: 2.980 Thread 0x00000000160dd800 nmethod 347 0x000000000258f850 code [0x000000000258f9a0, 0x000000000258fab0]
Event: 2.980 Thread 0x00000000160dd800  348       1       com.android.dx.rop.code.BasicBlock::getLabel (5 bytes)
Event: 2.980 Thread 0x00000000160dd800 nmethod 348 0x000000000258f590 code [0x000000000258f6e0, 0x000000000258f7f0]
Event: 2.980 Thread 0x00000000160dd800  349       1       com.android.dx.util.IntList::size (5 bytes)
Event: 2.981 Thread 0x00000000160dd800 nmethod 349 0x000000000258f2d0 code [0x000000000258f420, 0x000000000258f530]

GC Heap History (10 events):
Event: 1.386 GC heap after
Heap after GC invocations=4 (full 0):
 PSYoungGen      total 2560K, used 504K [0x00000000eab00000, 0x00000000eae00000, 0x0000000100000000)
  eden space 2048K, 0% used [0x00000000eab00000,0x00000000eab00000,0x00000000ead00000)
  from space 512K, 98% used [0x00000000ead80000,0x00000000eadfe010,0x00000000eae00000)
  to   space 512K, 0% used [0x00000000ead00000,0x00000000ead00000,0x00000000ead80000)
 ParOldGen       total 29184K, used 644K [0x00000000c0000000, 0x00000000c1c80000, 0x00000000eab00000)
  object space 29184K, 2% used [0x00000000c0000000,0x00000000c00a1318,0x00000000c1c80000)
 Metaspace       used 3480K, capacity 4720K, committed 4864K, reserved 1056768K
  class space    used 377K, capacity 424K, committed 512K, reserved 1048576K
}
Event: 1.393 GC heap before
{Heap before GC invocations=5 (full 0):
 PSYoungGen      total 2560K, used 2552K [0x00000000eab00000, 0x00000000eae00000, 0x0000000100000000)
  eden space 2048K, 100% used [0x00000000eab00000,0x00000000ead00000,0x00000000ead00000)
  from space 512K, 98% used [0x00000000ead80000,0x00000000eadfe010,0x00000000eae00000)
  to   space 512K, 0% used [0x00000000ead00000,0x00000000ead00000,0x00000000ead80000)
 ParOldGen       total 29184K, used 644K [0x00000000c0000000, 0x00000000c1c80000, 0x00000000eab00000)
  object space 29184K, 2% used [0x00000000c0000000,0x00000000c00a1318,0x00000000c1c80000)
 Metaspace       used 3480K, capacity 4720K, committed 4864K, reserved 1056768K
  class space    used 377K, capacity 424K, committed 512K, reserved 1048576K
Event: 1.408 GC heap after
Heap after GC invocations=5 (full 0):
 PSYoungGen      total 2560K, used 496K [0x00000000eab00000, 0x00000000eb100000, 0x0000000100000000)
  eden space 2048K, 0% used [0x00000000eab00000,0x00000000eab00000,0x00000000ead00000)
  from space 512K, 96% used [0x00000000ead00000,0x00000000ead7c020,0x00000000ead80000)
  to   space 1024K, 0% used [0x00000000eb000000,0x00000000eb000000,0x00000000eb100000)
 ParOldGen       total 29184K, used 708K [0x00000000c0000000, 0x00000000c1c80000, 0x00000000eab00000)
  object space 29184K, 2% used [0x00000000c0000000,0x00000000c00b1328,0x00000000c1c80000)
 Metaspace       used 3480K, capacity 4720K, committed 4864K, reserved 1056768K
  class space    used 377K, capacity 424K, committed 512K, reserved 1048576K
}
Event: 1.426 GC heap before
{Heap before GC invocations=6 (full 0):
 PSYoungGen      total 2560K, used 2544K [0x00000000eab00000, 0x00000000eb100000, 0x0000000100000000)
  eden space 2048K, 100% used [0x00000000eab00000,0x00000000ead00000,0x00000000ead00000)
  from space 512K, 96% used [0x00000000ead00000,0x00000000ead7c020,0x00000000ead80000)
  to   space 1024K, 0% used [0x00000000eb000000,0x00000000eb000000,0x00000000eb100000)
 ParOldGen       total 29184K, used 708K [0x00000000c0000000, 0x00000000c1c80000, 0x00000000eab00000)
  object space 29184K, 2% used [0x00000000c0000000,0x00000000c00b1328,0x00000000c1c80000)
 Metaspace       used 3480K, capacity 4720K, committed 4864K, reserved 1056768K
  class space    used 377K, capacity 424K, committed 512K, reserved 1048576K
Event: 1.440 GC heap after
Heap after GC invocations=6 (full 0):
 PSYoungGen      total 5120K, used 456K [0x00000000eab00000, 0x00000000eb100000, 0x0000000100000000)
  eden space 4096K, 0% used [0x00000000eab00000,0x00000000eab00000,0x00000000eaf00000)
  from space 1024K, 44% used [0x00000000eb000000,0x00000000eb072040,0x00000000eb100000)
  to   space 1024K, 0% used [0x00000000eaf00000,0x00000000eaf00000,0x00000000eb000000)
 ParOldGen       total 29184K, used 708K [0x00000000c0000000, 0x00000000c1c80000, 0x00000000eab00000)
  object space 29184K, 2% used [0x00000000c0000000,0x00000000c00b1328,0x00000000c1c80000)
 Metaspace       used 3480K, capacity 4720K, committed 4864K, reserved 1056768K
  class space    used 377K, capacity 424K, committed 512K, reserved 1048576K
}
Event: 2.824 GC heap before
{Heap before GC invocations=7 (full 0):
 PSYoungGen      total 5120K, used 4552K [0x00000000eab00000, 0x00000000eb100000, 0x0000000100000000)
  eden space 4096K, 100% used [0x00000000eab00000,0x00000000eaf00000,0x00000000eaf00000)
  from space 1024K, 44% used [0x00000000eb000000,0x00000000eb072040,0x00000000eb100000)
  to   space 1024K, 0% used [0x00000000eaf00000,0x00000000eaf00000,0x00000000eb000000)
 ParOldGen       total 29184K, used 708K [0x00000000c0000000, 0x00000000c1c80000, 0x00000000eab00000)
  object space 29184K, 2% used [0x00000000c0000000,0x00000000c00b1328,0x00000000c1c80000)
 Metaspace       used 4648K, capacity 5808K, committed 6016K, reserved 1056768K
  class space    used 517K, capacity 552K, committed 640K, reserved 1048576K
Event: 2.947 GC heap after
Heap after GC invocations=7 (full 0):
 PSYoungGen      total 5120K, used 1016K [0x00000000eab00000, 0x00000000eb100000, 0x0000000100000000)
  eden space 4096K, 0% used [0x00000000eab00000,0x00000000eab00000,0x00000000eaf00000)
  from space 1024K, 99% used [0x00000000eaf00000,0x00000000eaffe0b8,0x00000000eb000000)
  to   space 1024K, 0% used [0x00000000eb000000,0x00000000eb000000,0x00000000eb100000)
 ParOldGen       total 29184K, used 1362K [0x00000000c0000000, 0x00000000c1c80000, 0x00000000eab00000)
  object space 29184K, 4% used [0x00000000c0000000,0x00000000c0154b68,0x00000000c1c80000)
 Metaspace       used 4648K, capacity 5808K, committed 6016K, reserved 1056768K
  class space    used 517K, capacity 552K, committed 640K, reserved 1048576K
}
Event: 2.985 GC heap before
{Heap before GC invocations=8 (full 0):
 PSYoungGen      total 5120K, used 1704K [0x00000000eab00000, 0x00000000eb100000, 0x0000000100000000)
  eden space 4096K, 16% used [0x00000000eab00000,0x00000000eabac238,0x00000000eaf00000)
  from space 1024K, 99% used [0x00000000eaf00000,0x00000000eaffe0b8,0x00000000eb000000)
  to   space 1024K, 0% used [0x00000000eb000000,0x00000000eb000000,0x00000000eb100000)
 ParOldGen       total 29184K, used 1362K [0x00000000c0000000, 0x00000000c1c80000, 0x00000000eab00000)
  object space 29184K, 4% used [0x00000000c0000000,0x00000000c0154b68,0x00000000c1c80000)
 Metaspace       used 4797K, capacity 5872K, committed 6016K, reserved 1060864K
  class space    used 534K, capacity 552K, committed 640K, reserved 1048576K
Event: 2.987 GC heap after
Heap after GC invocations=8 (full 0):
 PSYoungGen      total 5120K, used 519K [0x00000000eab00000, 0x00000000eb100000, 0x0000000100000000)
  eden space 4096K, 0% used [0x00000000eab00000,0x00000000eab00000,0x00000000eaf00000)
  from space 1024K, 50% used [0x00000000eb000000,0x00000000eb081c50,0x00000000eb100000)
  to   space 1024K, 0% used [0x00000000eaf00000,0x00000000eaf00000,0x00000000eb000000)
 ParOldGen       total 29184K, used 1514K [0x00000000c0000000, 0x00000000c1c80000, 0x00000000eab00000)
  object space 29184K, 5% used [0x00000000c0000000,0x00000000c017ab88,0x00000000c1c80000)
 Metaspace       used 4797K, capacity 5872K, committed 6016K, reserved 1060864K
  class space    used 534K, capacity 552K, committed 640K, reserved 1048576K
}
Event: 2.987 GC heap before
{Heap before GC invocations=9 (full 1):
 PSYoungGen      total 5120K, used 519K [0x00000000eab00000, 0x00000000eb100000, 0x0000000100000000)
  eden space 4096K, 0% used [0x00000000eab00000,0x00000000eab00000,0x00000000eaf00000)
  from space 1024K, 50% used [0x00000000eb000000,0x00000000eb081c50,0x00000000eb100000)
  to   space 1024K, 0% used [0x00000000eaf00000,0x00000000eaf00000,0x00000000eb000000)
 ParOldGen       total 29184K, used 1514K [0x00000000c0000000, 0x00000000c1c80000, 0x00000000eab00000)
  object space 29184K, 5% used [0x00000000c0000000,0x00000000c017ab88,0x00000000c1c80000)
 Metaspace       used 4797K, capacity 5872K, committed 6016K, reserved 1060864K
  class space    used 534K, capacity 552K, committed 640K, reserved 1048576K

Deoptimization events (0 events):
No events

Internal exceptions (10 events):
Event: 2.958 Thread 0x0000000016380800 Exception <a 'java/security/PrivilegedActionException'> (0x00000000eab51200) thrown at [C:\re\workspace\8-2-build-windows-amd64-cygwin\jdk8u11\648\hotspot\src\share\vm\prims\jvm.cpp, line 1248]
Event: 2.958 Thread 0x0000000016380800 Exception <a 'java/security/PrivilegedActionException'> (0x00000000eab53f70) thrown at [C:\re\workspace\8-2-build-windows-amd64-cygwin\jdk8u11\648\hotspot\src\share\vm\prims\jvm.cpp, line 1248]
Event: 2.959 Thread 0x0000000016380800 Exception <a 'java/security/PrivilegedActionException'> (0x00000000eab597c0) thrown at [C:\re\workspace\8-2-build-windows-amd64-cygwin\jdk8u11\648\hotspot\src\share\vm\prims\jvm.cpp, line 1248]
Event: 2.960 Thread 0x0000000016380800 Exception <a 'java/security/PrivilegedActionException'> (0x00000000eab5dba0) thrown at [C:\re\workspace\8-2-build-windows-amd64-cygwin\jdk8u11\648\hotspot\src\share\vm\prims\jvm.cpp, line 1248]
Event: 2.960 Thread 0x0000000016380800 Exception <a 'java/security/PrivilegedActionException'> (0x00000000eab60850) thrown at [C:\re\workspace\8-2-build-windows-amd64-cygwin\jdk8u11\648\hotspot\src\share\vm\prims\jvm.cpp, line 1248]
Event: 2.961 Thread 0x0000000016380800 Exception <a 'java/security/PrivilegedActionException'> (0x00000000eab69c08) thrown at [C:\re\workspace\8-2-build-windows-amd64-cygwin\jdk8u11\648\hotspot\src\share\vm\prims\jvm.cpp, line 1248]
Event: 2.978 Thread 0x0000000016380800 Exception <a 'java/security/PrivilegedActionException'> (0x00000000eab6c8b0) thrown at [C:\re\workspace\8-2-build-windows-amd64-cygwin\jdk8u11\648\hotspot\src\share\vm\prims\jvm.cpp, line 1248]
Event: 2.979 Thread 0x0000000016380800 Exception <a 'java/security/PrivilegedActionException'> (0x00000000eab6f938) thrown at [C:\re\workspace\8-2-build-windows-amd64-cygwin\jdk8u11\648\hotspot\src\share\vm\prims\jvm.cpp, line 1248]
Event: 2.980 Thread 0x0000000016380800 Exception <a 'java/security/PrivilegedActionException'> (0x00000000eab903b8) thrown at [C:\re\workspace\8-2-build-windows-amd64-cygwin\jdk8u11\648\hotspot\src\share\vm\prims\jvm.cpp, line 1248]
Event: 2.980 Thread 0x0000000016380800 Exception <a 'java/security/PrivilegedActionException'> (0x00000000eab98ed0) thrown at [C:\re\workspace\8-2-build-windows-amd64-cygwin\jdk8u11\648\hotspot\src\share\vm\prims\jvm.cpp, line 1248]

Events (10 events):
Event: 2.977 loading class java/util/HashMap$EntryIterator done
Event: 2.978 loading class com/android/dx/ssa/ConstCollector$1
Event: 2.978 loading class com/android/dx/ssa/ConstCollector$1 done
Event: 2.979 loading class com/android/dx/ssa/PhiTypeResolver
Event: 2.979 loading class com/android/dx/ssa/PhiTypeResolver done
Event: 2.979 loading class com/android/dx/ssa/back/SsaToRop
Event: 2.980 loading class com/android/dx/ssa/back/SsaToRop done
Event: 2.980 loading class com/android/dx/ssa/back/RegisterAllocator
Event: 2.980 loading class com/android/dx/ssa/back/RegisterAllocator done
Event: 2.981 Executing VM operation: CollectForMetadataAllocation


Dynamic libraries:
0x000000013f980000 - 0x000000013f9b4000 	D:\Java\jdk1.8.0_11\bin\java.exe
0x0000000077780000 - 0x0000000077929000 	C:\Windows\SYSTEM32\ntdll.dll
0x0000000077560000 - 0x000000007767f000 	C:\Windows\system32\kernel32.dll
0x000007fefd760000 - 0x000007fefd7cc000 	C:\Windows\system32\KERNELBASE.dll
0x000007feff710000 - 0x000007feff7eb000 	C:\Windows\system32\ADVAPI32.dll
0x000007fefeee0000 - 0x000007fefef7f000 	C:\Windows\system32\msvcrt.dll
0x000007fefda30000 - 0x000007fefda4f000 	C:\Windows\SYSTEM32\sechost.dll
0x000007feff2d0000 - 0x000007feff3fd000 	C:\Windows\system32\RPCRT4.dll
0x0000000077680000 - 0x000000007777a000 	C:\Windows\system32\USER32.dll
0x000007feff470000 - 0x000007feff4d7000 	C:\Windows\system32\GDI32.dll
0x000007fefed60000 - 0x000007fefed6e000 	C:\Windows\system32\LPK.dll
0x000007fefed70000 - 0x000007fefee39000 	C:\Windows\system32\USP10.dll
0x000007fefbf30000 - 0x000007fefc124000 	C:\Windows\WinSxS\amd64_microsoft.windows.common-controls_6595b64144ccf1df_6.0.7601.18837_none_fa3b1e3d17594757\COMCTL32.dll
0x000007feff690000 - 0x000007feff701000 	C:\Windows\system32\SHLWAPI.dll
0x000007feff7f0000 - 0x000007feff81e000 	C:\Windows\system32\IMM32.DLL
0x000007feff580000 - 0x000007feff689000 	C:\Windows\system32\MSCTF.dll
0x0000000050a10000 - 0x0000000050ae2000 	D:\Java\jdk1.8.0_11\jre\bin\msvcr100.dll
0x00000000701b0000 - 0x00000000709da000 	D:\Java\jdk1.8.0_11\jre\bin\server\jvm.dll
0x000007fef1730000 - 0x000007fef1739000 	C:\Windows\system32\WSOCK32.dll
0x000007feff400000 - 0x000007feff44d000 	C:\Windows\system32\WS2_32.dll
0x000007fefd8e0000 - 0x000007fefd8e8000 	C:\Windows\system32\NSI.dll
0x000007fef8900000 - 0x000007fef893b000 	C:\Windows\system32\WINMM.dll
0x0000000077950000 - 0x0000000077957000 	C:\Windows\system32\PSAPI.DLL
0x0000000056470000 - 0x000000005647f000 	D:\Java\jdk1.8.0_11\jre\bin\verify.dll
0x0000000056440000 - 0x0000000056468000 	D:\Java\jdk1.8.0_11\jre\bin\java.dll
0x0000000050ed0000 - 0x0000000050ee6000 	D:\Java\jdk1.8.0_11\jre\bin\zip.dll
0x000007fefda50000 - 0x000007fefe7d9000 	C:\Windows\system32\SHELL32.dll
0x000007fefeb50000 - 0x000007fefed53000 	C:\Windows\system32\ole32.dll
0x000007fefd520000 - 0x000007fefd52f000 	C:\Windows\system32\profapi.dll

VM Arguments:
jvm_args: -Djava.awt.headless=true -Xmx1024M -Dfile.encoding=GBK -Duser.country=CN -Duser.language=zh -Duser.variant 
java_command: com.android.dx.command.Main --dex --force-jumbo --num-threads=4 --output E:\AndroidStudioProjects\CustomerApp\app\build\intermediates\pre-dexed\debug\com.android.support-appcompat-v7-23.4.0_15c3c591de4a795cb2e5bba961551a5eda316c88.jar E:\AndroidStudioProjects\CustomerApp\app\build\intermediates\exploded-aar\com.android.support\appcompat-v7\23.4.0\jars\classes.jar
java_class_path (initial): F:\Android_Studio\sdk\build-tools\24.0.1\lib\dx.jar
Launcher Type: SUN_STANDARD

Environment Variables:
JAVA_HOME=D:\Java\jdk1.8.0_11\
CLASSPATH=.;C:\Program Files (x86)\QuickTime\QTSystem\QTJava.zip
PATH=C:\Windows\system32;C:\Windows;C:\Windows\System32\Wbem;C:\Windows\System32\WindowsPowerShell\v1.0\;C:\Program Files (x86)\Microsoft SQL Server\100\Tools\Binn\;C:\Program Files\Microsoft SQL Server\100\Tools\Binn\;C:\Program Files\Microsoft SQL Server\100\DTS\Binn\;C:\Program Files (x86)\ATI Technologies\ATI.ACE\Core-Static;D:\Java\jdk1.8.0_11\\bin;C:\Program Files\Microsoft SQL Server\110\Tools\Binn\;E:\Git;E:\TortoiseGit\bin;C:\Python27;C:\Program Files\Microsoft Windows Performance Toolkit\;E:\TortoiseSVN\bin;E:\webRTC_third\depot_tools;F:\Tomcat\apache-tomcat-7.0.63\lib;F:\Tomcat\apache-tomcat-7.0.63\bin;C:\Program Files (x86)\QuickTime\QTSystem\;D:\maven\apache-maven-3.3.3\bin;D:\groovy\groovy-2.4.7\bin;D:\gradle\gradle-2.14.1/bin
USERNAME=Administrator
OS=Windows_NT
PROCESSOR_IDENTIFIER=Intel64 Family 6 Model 37 Stepping 5, GenuineIntel



---------------  S Y S T E M  ---------------

OS: Windows 7 , 64 bit Build 7601 Service Pack 1

CPU:total 4 (2 cores per cpu, 2 threads per core) family 6 model 37 stepping 5, cmov, cx8, fxsr, mmx, sse, sse2, sse3, ssse3, sse4.1, sse4.2, popcnt, ht, tsc, tscinvbit

Memory: 4k page, physical 1954280k(40000k free), swap 7817120k(3124k free)

vm_info: Java HotSpot(TM) 64-Bit Server VM (25.11-b03) for windows-amd64 JRE (1.8.0_11-b12), built on Jun 16 2014 20:57:32 by "java_re" with MS VC++ 10.0 (VS2010)

time: Mon Aug 01 18:22:02 2016
elapsed time: 3 seconds

