#
# There is insufficient memory for the Java Runtime Environment to continue.
# Native memory allocation (malloc) failed to allocate 65552 bytes for Chunk::new
# Possible reasons:
#   The system is out of physical RAM or swap space
#   In 32 bit mode, the process size limit was hit
# Possible solutions:
#   Reduce memory load on the system
#   Increase physical memory or swap space
#   Check if swap backing store is full
#   Use 64 bit Java on a 64 bit OS
#   Decrease Java heap size (-Xmx/-Xms)
#   Decrease number of Java threads
#   Decrease Java thread stack sizes (-Xss)
#   Set larger code cache with -XX:ReservedCodeCacheSize=
# This output file may be truncated or incomplete.
#
#  Out of Memory Error (allocation.cpp:388), pid=10712, tid=8720
#
# JRE version: Java(TM) SE Runtime Environment (8.0_11-b12) (build 1.8.0_11-b12)
# Java VM: Java HotSpot(TM) 64-Bit Server VM (25.11-b03 mixed mode windows-amd64 compressed oops)
# Failed to write core dump. Minidumps are not enabled by default on client versions of Windows
#

---------------  T H R E A D  ---------------

Current thread (0x0000000015efb800):  JavaThread "C2 CompilerThread1" daemon [_thread_in_native, id=8720, stack(0x00000000167b0000,0x00000000168b0000)]

Stack: [0x00000000167b0000,0x00000000168b0000]
[error occurred during error reporting (printing stack bounds), id 0xc0000005]

Native frames: (J=compiled Java code, j=interpreted, Vv=VM code, C=native code)
V  [jvm.dll+0x308eca]


Current CompileTask:
C2:   3106 1004   !   4       com.android.dx.cf.cst.ConstantPoolParser::parse0 (731 bytes)


---------------  P R O C E S S  ---------------

Java Threads: ( => current thread )
  0x00000000160c7000 JavaThread "pool-1-thread-4" [_thread_blocked, id=10932, stack(0x0000000017400000,0x0000000017500000)]
  0x00000000160c4800 JavaThread "pool-1-thread-3" [_thread_in_vm, id=11076, stack(0x00000000172c0000,0x00000000173c0000)]
  0x00000000160c3800 JavaThread "pool-1-thread-2" [_thread_in_Java, id=12160, stack(0x00000000170f0000,0x00000000171f0000)]
  0x00000000160c0000 JavaThread "pool-2-thread-1" [_thread_blocked, id=12004, stack(0x0000000016fb0000,0x00000000170b0000)]
  0x00000000160bf800 JavaThread "pool-1-thread-1" [_thread_blocked, id=9156, stack(0x0000000016da0000,0x0000000016ea0000)]
  0x0000000015f7b800 JavaThread "Service Thread" daemon [_thread_blocked, id=11328, stack(0x00000000168c0000,0x00000000169c0000)]
  0x0000000015f0c800 JavaThread "C1 CompilerThread2" daemon [_thread_in_vm, id=10456, stack(0x0000000016a40000,0x0000000016b40000)]
=>0x0000000015efb800 JavaThread "C2 CompilerThread1" daemon [_thread_in_native, id=8720, stack(0x00000000167b0000,0x00000000168b0000)]
  0x0000000015ef4000 JavaThread "C2 CompilerThread0" daemon [_thread_in_native, id=11388, stack(0x00000000166b0000,0x00000000167b0000)]
  0x0000000014d2e000 JavaThread "Attach Listener" daemon [_thread_blocked, id=11800, stack(0x0000000016540000,0x0000000016640000)]
  0x0000000015ef2800 JavaThread "Signal Dispatcher" daemon [_thread_blocked, id=10244, stack(0x0000000016310000,0x0000000016410000)]
  0x0000000014cc4800 JavaThread "Finalizer" daemon [_thread_blocked, id=11500, stack(0x0000000015dd0000,0x0000000015ed0000)]
  0x0000000014cb9800 JavaThread "Reference Handler" daemon [_thread_blocked, id=10440, stack(0x0000000015cc0000,0x0000000015dc0000)]
  0x000000000215e800 JavaThread "main" [_thread_in_Java, id=3660, stack(0x00000000021a0000,0x00000000022a0000)]

Other Threads:
  0x0000000014cb5800 VMThread [stack: 0x0000000015b10000,0x0000000015c10000] [id=10924]
  0x0000000015f80000 WatcherThread [stack: 0x0000000016c20000,0x0000000016d20000] [id=8872]

VM state:not at safepoint (normal execution)

VM Mutex/Monitor currently owned by a thread:  ([mutex/lock_event])
[0x000000000215bb60] SystemDictionary_lock - owner thread: 0x0000000000000000

Heap:
 PSYoungGen      total 9216K, used 6832K [0x00000000eab00000, 0x00000000eb600000, 0x0000000100000000)
  eden space 7168K, 73% used [0x00000000eab00000,0x00000000eb02c380,0x00000000eb200000)
  from space 2048K, 75% used [0x00000000eb400000,0x00000000eb580018,0x00000000eb600000)
  to   space 2048K, 0% used [0x00000000eb200000,0x00000000eb200000,0x00000000eb400000)
 ParOldGen       total 29184K, used 2251K [0x00000000c0000000, 0x00000000c1c80000, 0x00000000eab00000)
  object space 29184K, 7% used [0x00000000c0000000,0x00000000c0232df0,0x00000000c1c80000)
 Metaspace       used 5605K, capacity 6704K, committed 6784K, reserved 1056768K
  class space    used 583K, capacity 616K, committed 640K, reserved 1048576K

Card table byte_map: [0x0000000011660000,0x0000000011870000] byte_map_base: 0x0000000011060000

Marking Bits: (ParMarkBitMap*) 0x00000000709612b0
 Begin Bits: [0x0000000012130000, 0x0000000013130000)
 End Bits:   [0x0000000013130000, 0x0000000014130000)

Polling page: 0x0000000000410000

CodeCache: size=245760Kb used=3851Kb max_used=3851Kb free=241908Kb
 bounds [0x00000000022a0000, 0x0000000002670000, 0x00000000112a0000]
 total_blobs=1260 nmethods=995 adapters=180
 compilation: enabled

Compilation events (10 events):
Event: 3.082 Thread 0x0000000015ef4000 nmethod 1007 0x000000000265e990 code [0x000000000265eae0, 0x000000000265eeb8]
Event: 3.084 Thread 0x0000000015f0c800 1010       3       com.android.dx.rop.type.Type::<init> (84 bytes)
Event: 3.085 Thread 0x0000000015f0c800 nmethod 1010 0x000000000265e1d0 code [0x000000000265e380, 0x000000000265e828]
Event: 3.085 Thread 0x0000000015f0c800 1011   !   3       com.android.dx.rop.type.Type::putIntern (50 bytes)
Event: 3.086 Thread 0x0000000015ef4000 1013       4       java.util.ArrayList::toArray (12 bytes)
Event: 3.086 Thread 0x0000000015f0c800 nmethod 1011 0x000000000265d110 code [0x000000000265d300, 0x000000000265dcb8]
Event: 3.086 Thread 0x0000000015f0c800 1012       3       com.android.dx.ssa.ConstCollector$2::<init> (20 bytes)
Event: 3.086 Thread 0x0000000015f0c800 nmethod 1012 0x000000000265cc90 code [0x000000000265ce00, 0x000000000265d030]
Event: 3.088 Thread 0x0000000015ef4000 nmethod 1013 0x000000000265c890 code [0x000000000265c9e0, 0x000000000265cb98]
Event: 3.088 Thread 0x0000000015ef4000 1015       4       com.android.dx.rop.cst.CstString::utf8BytesToString (391 bytes)

GC Heap History (10 events):
Event: 1.209 GC heap before
{Heap before GC invocations=4 (full 0):
 PSYoungGen      total 1536K, used 1528K [0x00000000eab00000, 0x00000000eae00000, 0x0000000100000000)
  eden space 1024K, 100% used [0x00000000eab00000,0x00000000eac00000,0x00000000eac00000)
  from space 512K, 98% used [0x00000000eac00000,0x00000000eac7e010,0x00000000eac80000)
  to   space 512K, 0% used [0x00000000ead80000,0x00000000ead80000,0x00000000eae00000)
 ParOldGen       total 29184K, used 575K [0x00000000c0000000, 0x00000000c1c80000, 0x00000000eab00000)
  object space 29184K, 1% used [0x00000000c0000000,0x00000000c008fdb8,0x00000000c1c80000)
 Metaspace       used 3796K, capacity 5104K, committed 5376K, reserved 1056768K
  class space    used 429K, capacity 488K, committed 512K, reserved 1048576K
Event: 1.228 GC heap after
Heap after GC invocations=4 (full 0):
 PSYoungGen      total 2560K, used 504K [0x00000000eab00000, 0x00000000eae00000, 0x0000000100000000)
  eden space 2048K, 0% used [0x00000000eab00000,0x00000000eab00000,0x00000000ead00000)
  from space 512K, 98% used [0x00000000ead80000,0x00000000eadfe010,0x00000000eae00000)
  to   space 512K, 0% used [0x00000000ead00000,0x00000000ead00000,0x00000000ead80000)
 ParOldGen       total 29184K, used 853K [0x00000000c0000000, 0x00000000c1c80000, 0x00000000eab00000)
  object space 29184K, 2% used [0x00000000c0000000,0x00000000c00d5758,0x00000000c1c80000)
 Metaspace       used 3796K, capacity 5104K, committed 5376K, reserved 1056768K
  class space    used 429K, capacity 488K, committed 512K, reserved 1048576K
}
Event: 1.477 GC heap before
{Heap before GC invocations=5 (full 0):
 PSYoungGen      total 2560K, used 2552K [0x00000000eab00000, 0x00000000eae00000, 0x0000000100000000)
  eden space 2048K, 100% used [0x00000000eab00000,0x00000000ead00000,0x00000000ead00000)
  from space 512K, 98% used [0x00000000ead80000,0x00000000eadfe010,0x00000000eae00000)
  to   space 512K, 0% used [0x00000000ead00000,0x00000000ead00000,0x00000000ead80000)
 ParOldGen       total 29184K, used 853K [0x00000000c0000000, 0x00000000c1c80000, 0x00000000eab00000)
  object space 29184K, 2% used [0x00000000c0000000,0x00000000c00d5758,0x00000000c1c80000)
 Metaspace       used 4167K, capacity 5456K, committed 5760K, reserved 1056768K
  class space    used 465K, capacity 520K, committed 640K, reserved 1048576K
Event: 1.555 GC heap after
Heap after GC invocations=5 (full 0):
 PSYoungGen      total 2560K, used 504K [0x00000000eab00000, 0x00000000eb200000, 0x0000000100000000)
  eden space 2048K, 0% used [0x00000000eab00000,0x00000000eab00000,0x00000000ead00000)
  from space 512K, 98% used [0x00000000ead00000,0x00000000ead7e010,0x00000000ead80000)
  to   space 1536K, 0% used [0x00000000eb080000,0x00000000eb080000,0x00000000eb200000)
 ParOldGen       total 29184K, used 1835K [0x00000000c0000000, 0x00000000c1c80000, 0x00000000eab00000)
  object space 29184K, 6% used [0x00000000c0000000,0x00000000c01cad80,0x00000000c1c80000)
 Metaspace       used 4167K, capacity 5456K, committed 5760K, reserved 1056768K
  class space    used 465K, capacity 520K, committed 640K, reserved 1048576K
}
Event: 1.733 GC heap before
{Heap before GC invocations=6 (full 0):
 PSYoungGen      total 2560K, used 2552K [0x00000000eab00000, 0x00000000eb200000, 0x0000000100000000)
  eden space 2048K, 100% used [0x00000000eab00000,0x00000000ead00000,0x00000000ead00000)
  from space 512K, 98% used [0x00000000ead00000,0x00000000ead7e010,0x00000000ead80000)
  to   space 1536K, 0% used [0x00000000eb080000,0x00000000eb080000,0x00000000eb200000)
 ParOldGen       total 29184K, used 1835K [0x00000000c0000000, 0x00000000c1c80000, 0x00000000eab00000)
  object space 29184K, 6% used [0x00000000c0000000,0x00000000c01cad80,0x00000000c1c80000)
 Metaspace       used 4755K, capacity 5936K, committed 6272K, reserved 1056768K
  class space    used 524K, capacity 552K, committed 640K, reserved 1048576K
Event: 1.834 GC heap after
Heap after GC invocations=6 (full 0):
 PSYoungGen      total 5120K, used 1221K [0x00000000eab00000, 0x00000000eb300000, 0x0000000100000000)
  eden space 3584K, 0% used [0x00000000eab00000,0x00000000eab00000,0x00000000eae80000)
  from space 1536K, 79% used [0x00000000eb080000,0x00000000eb1b1658,0x00000000eb200000)
  to   space 2048K, 0% used [0x00000000eae80000,0x00000000eae80000,0x00000000eb080000)
 ParOldGen       total 29184K, used 1835K [0x00000000c0000000, 0x00000000c1c80000, 0x00000000eab00000)
  object space 29184K, 6% used [0x00000000c0000000,0x00000000c01cad80,0x00000000c1c80000)
 Metaspace       used 4755K, capacity 5936K, committed 6272K, reserved 1056768K
  class space    used 524K, capacity 552K, committed 640K, reserved 1048576K
}
Event: 2.026 GC heap before
{Heap before GC invocations=7 (full 0):
 PSYoungGen      total 5120K, used 4805K [0x00000000eab00000, 0x00000000eb300000, 0x0000000100000000)
  eden space 3584K, 100% used [0x00000000eab00000,0x00000000eae80000,0x00000000eae80000)
  from space 1536K, 79% used [0x00000000eb080000,0x00000000eb1b1658,0x00000000eb200000)
  to   space 2048K, 0% used [0x00000000eae80000,0x00000000eae80000,0x00000000eb080000)
 ParOldGen       total 29184K, used 1835K [0x00000000c0000000, 0x00000000c1c80000, 0x00000000eab00000)
  object space 29184K, 6% used [0x00000000c0000000,0x00000000c01cad80,0x00000000c1c80000)
 Metaspace       used 5391K, capacity 6512K, committed 6784K, reserved 1056768K
  class space    used 580K, capacity 616K, committed 640K, reserved 1048576K
Event: 2.066 GC heap after
Heap after GC invocations=7 (full 0):
 PSYoungGen      total 5632K, used 1491K [0x00000000eab00000, 0x00000000eb600000, 0x0000000100000000)
  eden space 3584K, 0% used [0x00000000eab00000,0x00000000eab00000,0x00000000eae80000)
  from space 2048K, 72% used [0x00000000eae80000,0x00000000eaff4ce0,0x00000000eb080000)
  to   space 2048K, 0% used [0x00000000eb400000,0x00000000eb400000,0x00000000eb600000)
 ParOldGen       total 29184K, used 2147K [0x00000000c0000000, 0x00000000c1c80000, 0x00000000eab00000)
  object space 29184K, 7% used [0x00000000c0000000,0x00000000c0218dd0,0x00000000c1c80000)
 Metaspace       used 5391K, capacity 6512K, committed 6784K, reserved 1056768K
  class space    used 580K, capacity 616K, committed 640K, reserved 1048576K
}
Event: 2.168 GC heap before
{Heap before GC invocations=8 (full 0):
 PSYoungGen      total 5632K, used 5075K [0x00000000eab00000, 0x00000000eb600000, 0x0000000100000000)
  eden space 3584K, 100% used [0x00000000eab00000,0x00000000eae80000,0x00000000eae80000)
  from space 2048K, 72% used [0x00000000eae80000,0x00000000eaff4ce0,0x00000000eb080000)
  to   space 2048K, 0% used [0x00000000eb400000,0x00000000eb400000,0x00000000eb600000)
 ParOldGen       total 29184K, used 2147K [0x00000000c0000000, 0x00000000c1c80000, 0x00000000eab00000)
  object space 29184K, 7% used [0x00000000c0000000,0x00000000c0218dd0,0x00000000c1c80000)
 Metaspace       used 5492K, capacity 6576K, committed 6784K, reserved 1056768K
  class space    used 580K, capacity 616K, committed 640K, reserved 1048576K
Event: 2.322 GC heap after
Heap after GC invocations=8 (full 0):
 PSYoungGen      total 9216K, used 1536K [0x00000000eab00000, 0x00000000eb600000, 0x0000000100000000)
  eden space 7168K, 0% used [0x00000000eab00000,0x00000000eab00000,0x00000000eb200000)
  from space 2048K, 75% used [0x00000000eb400000,0x00000000eb580018,0x00000000eb600000)
  to   space 2048K, 0% used [0x00000000eb200000,0x00000000eb200000,0x00000000eb400000)
 ParOldGen       total 29184K, used 2251K [0x00000000c0000000, 0x00000000c1c80000, 0x00000000eab00000)
  object space 29184K, 7% used [0x00000000c0000000,0x00000000c0232df0,0x00000000c1c80000)
 Metaspace       used 5492K, capacity 6576K, committed 6784K, reserved 1056768K
  class space    used 580K, capacity 616K, committed 640K, reserved 1048576K
}

Deoptimization events (8 events):
Event: 1.951 Thread 0x00000000160c7000 Uncommon trap: reason=class_check action=maybe_recompile pc=0x000000000245fe80 method=com.android.dx.rop.cst.CstMemberRef.compareTo0(Lcom/android/dx/rop/cst/Constant;)I @ 1
Event: 1.951 Thread 0x00000000160c3800 Uncommon trap: reason=class_check action=maybe_recompile pc=0x000000000245fe80 method=com.android.dx.rop.cst.CstMemberRef.compareTo0(Lcom/android/dx/rop/cst/Constant;)I @ 1
Event: 1.951 Thread 0x00000000160c3800 Uncommon trap: reason=class_check action=maybe_recompile pc=0x000000000245fe80 method=com.android.dx.rop.cst.CstMemberRef.compareTo0(Lcom/android/dx/rop/cst/Constant;)I @ 1
Event: 1.952 Thread 0x00000000160bf800 Uncommon trap: reason=class_check action=maybe_recompile pc=0x000000000245fe80 method=com.android.dx.rop.cst.CstMemberRef.compareTo0(Lcom/android/dx/rop/cst/Constant;)I @ 1
Event: 3.083 Thread 0x00000000160c4800 Uncommon trap: reason=bimorphic action=maybe_recompile pc=0x000000000265ee34 method=com.android.dx.cf.iface.StdAttributeList.findFirst(Ljava/lang/String;)Lcom/android/dx/cf/iface/Attribute; @ 21
Event: 3.094 Thread 0x00000000160c3800 Uncommon trap: reason=bimorphic action=maybe_recompile pc=0x000000000265ee34 method=com.android.dx.cf.iface.StdAttributeList.findFirst(Ljava/lang/String;)Lcom/android/dx/cf/iface/Attribute; @ 21
Event: 3.094 Thread 0x00000000160c3800 Uncommon trap: reason=bimorphic action=maybe_recompile pc=0x000000000265ee34 method=com.android.dx.cf.iface.StdAttributeList.findFirst(Ljava/lang/String;)Lcom/android/dx/cf/iface/Attribute; @ 21
Event: 3.094 Thread 0x00000000160c3800 Uncommon trap: reason=bimorphic action=maybe_recompile pc=0x000000000265ee34 method=com.android.dx.cf.iface.StdAttributeList.findFirst(Ljava/lang/String;)Lcom/android/dx/cf/iface/Attribute; @ 21

Internal exceptions (10 events):
Event: 1.948 Thread 0x00000000160c3800 Exception <a 'java/security/PrivilegedActionException'> (0x00000000ead13098) thrown at [C:\re\workspace\8-2-build-windows-amd64-cygwin\jdk8u11\648\hotspot\src\share\vm\prims\jvm.cpp, line 1248]
Event: 1.949 Thread 0x00000000160c3800 Exception <a 'java/security/PrivilegedActionException'> (0x00000000ead1bbb0) thrown at [C:\re\workspace\8-2-build-windows-amd64-cygwin\jdk8u11\648\hotspot\src\share\vm\prims\jvm.cpp, line 1248]
Event: 1.950 Thread 0x00000000160c7000 Exception <a 'java/security/PrivilegedActionException'> (0x00000000eacc1d80) thrown at [C:\re\workspace\8-2-build-windows-amd64-cygwin\jdk8u11\648\hotspot\src\share\vm\prims\jvm.cpp, line 1248]
Event: 1.950 Thread 0x00000000160c7000 Exception <a 'java/security/PrivilegedActionException'> (0x00000000ead26b00) thrown at [C:\re\workspace\8-2-build-windows-amd64-cygwin\jdk8u11\648\hotspot\src\share\vm\prims\jvm.cpp, line 1248]
Event: 1.951 Thread 0x00000000160c7000 Exception <a 'java/security/PrivilegedActionException'> (0x00000000ead2a2e0) thrown at [C:\re\workspace\8-2-build-windows-amd64-cygwin\jdk8u11\648\hotspot\src\share\vm\prims\jvm.cpp, line 1248]
Event: 1.988 Thread 0x00000000160bf800 Exception <a 'java/security/PrivilegedActionException'> (0x00000000eadbd2e8) thrown at [C:\re\workspace\8-2-build-windows-amd64-cygwin\jdk8u11\648\hotspot\src\share\vm\prims\jvm.cpp, line 1248]
Event: 2.479 Thread 0x000000000215e800 Exception <a 'java/security/PrivilegedActionException'> (0x00000000eac36f20) thrown at [C:\re\workspace\8-2-build-windows-amd64-cygwin\jdk8u11\648\hotspot\src\share\vm\prims\jvm.cpp, line 1248]
Event: 3.091 Thread 0x000000000215e800 Exception <a 'java/security/PrivilegedActionException'> (0x00000000eaf89e50) thrown at [C:\re\workspace\8-2-build-windows-amd64-cygwin\jdk8u11\648\hotspot\src\share\vm\prims\jvm.cpp, line 1248]
Event: 3.092 Thread 0x000000000215e800 Exception <a 'java/security/PrivilegedActionException'> (0x00000000eaf8c9a8) thrown at [C:\re\workspace\8-2-build-windows-amd64-cygwin\jdk8u11\648\hotspot\src\share\vm\prims\jvm.cpp, line 1248]
Event: 3.093 Thread 0x000000000215e800 Exception <a 'java/security/PrivilegedActionException'> (0x00000000eaf90540) thrown at [C:\re\workspace\8-2-build-windows-amd64-cygwin\jdk8u11\648\hotspot\src\share\vm\prims\jvm.cpp, line 1248]

Events (10 events):
Event: 3.093 loading class com/android/dx/cf/attrib/AttExceptions done
Event: 3.094 Thread 0x00000000160c3800 Uncommon trap: trap_request=0xffffffc6 fr.pc=0x000000000265ee34
Event: 3.094 Thread 0x00000000160c3800 DEOPT PACKING pc=0x000000000265ee34 sp=0x00000000171eedb0
Event: 3.094 Thread 0x00000000160c3800 DEOPT UNPACKING pc=0x00000000022e73ef sp=0x00000000171eed60 mode 2
Event: 3.094 Thread 0x00000000160c3800 Uncommon trap: trap_request=0xffffffc6 fr.pc=0x000000000265ee34
Event: 3.094 Thread 0x00000000160c3800 DEOPT PACKING pc=0x000000000265ee34 sp=0x00000000171eec30
Event: 3.094 Thread 0x00000000160c3800 DEOPT UNPACKING pc=0x00000000022e73ef sp=0x00000000171eebd0 mode 2
Event: 3.094 Thread 0x00000000160c3800 Uncommon trap: trap_request=0xffffffc6 fr.pc=0x000000000265ee34
Event: 3.094 Thread 0x00000000160c3800 DEOPT PACKING pc=0x000000000265ee34 sp=0x00000000171eec30
Event: 3.094 Thread 0x00000000160c3800 DEOPT UNPACKING pc=0x00000000022e73ef sp=0x00000000171eebd0 mode 2


Dynamic libraries:
0x000000013f980000 - 0x000000013f9b4000 	D:\Java\jdk1.8.0_11\bin\java.exe
0x0000000077780000 - 0x0000000077929000 	C:\Windows\SYSTEM32\ntdll.dll
0x0000000077560000 - 0x000000007767f000 	C:\Windows\system32\kernel32.dll
0x000007fefd760000 - 0x000007fefd7cc000 	C:\Windows\system32\KERNELBASE.dll
0x000007feff710000 - 0x000007feff7eb000 	C:\Windows\system32\ADVAPI32.dll
0x000007fefeee0000 - 0x000007fefef7f000 	C:\Windows\system32\msvcrt.dll
0x000007fefda30000 - 0x000007fefda4f000 	C:\Windows\SYSTEM32\sechost.dll
0x000007feff2d0000 - 0x000007feff3fd000 	C:\Windows\system32\RPCRT4.dll
0x0000000077680000 - 0x000000007777a000 	C:\Windows\system32\USER32.dll
0x000007feff470000 - 0x000007feff4d7000 	C:\Windows\system32\GDI32.dll
0x000007fefed60000 - 0x000007fefed6e000 	C:\Windows\system32\LPK.dll
0x000007fefed70000 - 0x000007fefee39000 	C:\Windows\system32\USP10.dll
0x000007fefbf30000 - 0x000007fefc124000 	C:\Windows\WinSxS\amd64_microsoft.windows.common-controls_6595b64144ccf1df_6.0.7601.18837_none_fa3b1e3d17594757\COMCTL32.dll
0x000007feff690000 - 0x000007feff701000 	C:\Windows\system32\SHLWAPI.dll
0x000007feff7f0000 - 0x000007feff81e000 	C:\Windows\system32\IMM32.DLL
0x000007feff580000 - 0x000007feff689000 	C:\Windows\system32\MSCTF.dll
0x0000000050a10000 - 0x0000000050ae2000 	D:\Java\jdk1.8.0_11\jre\bin\msvcr100.dll
0x00000000701b0000 - 0x00000000709da000 	D:\Java\jdk1.8.0_11\jre\bin\server\jvm.dll
0x000007fef1730000 - 0x000007fef1739000 	C:\Windows\system32\WSOCK32.dll
0x000007feff400000 - 0x000007feff44d000 	C:\Windows\system32\WS2_32.dll
0x000007fefd8e0000 - 0x000007fefd8e8000 	C:\Windows\system32\NSI.dll
0x000007fef8900000 - 0x000007fef893b000 	C:\Windows\system32\WINMM.dll
0x0000000077950000 - 0x0000000077957000 	C:\Windows\system32\PSAPI.DLL
0x0000000056470000 - 0x000000005647f000 	D:\Java\jdk1.8.0_11\jre\bin\verify.dll
0x0000000056440000 - 0x0000000056468000 	D:\Java\jdk1.8.0_11\jre\bin\java.dll
0x0000000050ed0000 - 0x0000000050ee6000 	D:\Java\jdk1.8.0_11\jre\bin\zip.dll
0x000007fefda50000 - 0x000007fefe7d9000 	C:\Windows\system32\SHELL32.dll
0x000007fefeb50000 - 0x000007fefed53000 	C:\Windows\system32\ole32.dll
0x000007fefd520000 - 0x000007fefd52f000 	C:\Windows\system32\profapi.dll

VM Arguments:
jvm_args: -Djava.awt.headless=true -Xmx1024M -Dfile.encoding=GBK -Duser.country=CN -Duser.language=zh -Duser.variant 
java_command: com.android.dx.command.Main --dex --force-jumbo --num-threads=4 --output E:\AndroidStudioProjects\CustomerApp\app\build\intermediates\pre-dexed\debug\main_b99674343f0a77977839ee2e1723c0d67674ec10.jar E:\AndroidStudioProjects\CustomerApp\app\build\intermediates\transforms\instantRun\debug\folders\1\5\main
java_class_path (initial): F:\Android_Studio\sdk\build-tools\24.0.1\lib\dx.jar
Launcher Type: SUN_STANDARD

Environment Variables:
JAVA_HOME=D:\Java\jdk1.8.0_11\
CLASSPATH=.;C:\Program Files (x86)\QuickTime\QTSystem\QTJava.zip
PATH=C:\Windows\system32;C:\Windows;C:\Windows\System32\Wbem;C:\Windows\System32\WindowsPowerShell\v1.0\;C:\Program Files (x86)\Microsoft SQL Server\100\Tools\Binn\;C:\Program Files\Microsoft SQL Server\100\Tools\Binn\;C:\Program Files\Microsoft SQL Server\100\DTS\Binn\;C:\Program Files (x86)\ATI Technologies\ATI.ACE\Core-Static;D:\Java\jdk1.8.0_11\\bin;C:\Program Files\Microsoft SQL Server\110\Tools\Binn\;E:\Git;E:\TortoiseGit\bin;C:\Python27;C:\Program Files\Microsoft Windows Performance Toolkit\;E:\TortoiseSVN\bin;E:\webRTC_third\depot_tools;F:\Tomcat\apache-tomcat-7.0.63\lib;F:\Tomcat\apache-tomcat-7.0.63\bin;C:\Program Files (x86)\QuickTime\QTSystem\;D:\maven\apache-maven-3.3.3\bin;D:\groovy\groovy-2.4.7\bin;D:\gradle\gradle-2.14.1/bin
USERNAME=Administrator
OS=Windows_NT
PROCESSOR_IDENTIFIER=Intel64 Family 6 Model 37 Stepping 5, GenuineIntel



---------------  S Y S T E M  ---------------

OS: Windows 7 , 64 bit Build 7601 Service Pack 1

CPU:total 4 (2 cores per cpu, 2 threads per core) family 6 model 37 stepping 5, cmov, cx8, fxsr, mmx, sse, sse2, sse3, ssse3, sse4.1, sse4.2, popcnt, ht, tsc, tscinvbit

Memory: 4k page, physical 1954280k(26008k free), swap 7817120k(4980k free)

vm_info: Java HotSpot(TM) 64-Bit Server VM (25.11-b03) for windows-amd64 JRE (1.8.0_11-b12), built on Jun 16 2014 20:57:32 by "java_re" with MS VC++ 10.0 (VS2010)

time: Mon Aug 01 18:19:14 2016
elapsed time: 3 seconds

