#
# There is insufficient memory for the Java Runtime Environment to continue.
# Native memory allocation (malloc) failed to allocate 517792 bytes for Chunk::new
# Possible reasons:
#   The system is out of physical RAM or swap space
#   In 32 bit mode, the process size limit was hit
# Possible solutions:
#   Reduce memory load on the system
#   Increase physical memory or swap space
#   Check if swap backing store is full
#   Use 64 bit Java on a 64 bit OS
#   Decrease Java heap size (-Xmx/-Xms)
#   Decrease number of Java threads
#   Decrease Java thread stack sizes (-Xss)
#   Set larger code cache with -XX:ReservedCodeCacheSize=
# This output file may be truncated or incomplete.
#
#  Out of Memory Error (allocation.cpp:388), pid=11516, tid=6012
#
# JRE version: Java(TM) SE Runtime Environment (8.0_11-b12) (build 1.8.0_11-b12)
# Java VM: Java HotSpot(TM) 64-Bit Server VM (25.11-b03 mixed mode windows-amd64 compressed oops)
# Failed to write core dump. Minidumps are not enabled by default on client versions of Windows
#

---------------  T H R E A D  ---------------

Current thread (0x0000000016271000):  JavaThread "C2 CompilerThread1" daemon [_thread_in_native, id=6012, stack(0x0000000016ac0000,0x0000000016bc0000)]

Stack: [0x0000000016ac0000,0x0000000016bc0000]
Native frames: (J=compiled Java code, j=interpreted, Vv=VM code, C=native code)
V  [jvm.dll+0x308eca]


Current CompileTask:
C2:   4696 1294   !   4       com.android.dx.cf.code.BytecodeArray::parseInstruction (2764 bytes)


---------------  P R O C E S S  ---------------

Java Threads: ( => current thread )
  0x0000000016423000 JavaThread "pool-1-thread-4" [_thread_in_Java, id=11004, stack(0x0000000017700000,0x0000000017800000)]
  0x000000001640f000 JavaThread "pool-2-thread-1" [_thread_blocked, id=9744, stack(0x0000000017240000,0x0000000017340000)]
  0x00000000162bb800 JavaThread "Service Thread" daemon [_thread_blocked, id=10748, stack(0x0000000016d40000,0x0000000016e40000)]
  0x000000001629d800 JavaThread "C1 CompilerThread2" daemon [_thread_blocked, id=9488, stack(0x0000000016bd0000,0x0000000016cd0000)]
=>0x0000000016271000 JavaThread "C2 CompilerThread1" daemon [_thread_in_native, id=6012, stack(0x0000000016ac0000,0x0000000016bc0000)]
  0x0000000016254800 JavaThread "C2 CompilerThread0" daemon [_thread_blocked, id=11344, stack(0x00000000168f0000,0x00000000169f0000)]
  0x0000000016252800 JavaThread "Attach Listener" daemon [_thread_blocked, id=9016, stack(0x0000000016640000,0x0000000016740000)]
  0x0000000016252000 JavaThread "Signal Dispatcher" daemon [_thread_blocked, id=12112, stack(0x0000000016750000,0x0000000016850000)]
  0x0000000014e74800 JavaThread "Finalizer" daemon [_thread_blocked, id=9712, stack(0x0000000016140000,0x0000000016240000)]
  0x0000000014e69800 JavaThread "Reference Handler" daemon [_thread_blocked, id=11564, stack(0x0000000016000000,0x0000000016100000)]
  0x000000000218e800 JavaThread "main" [_thread_blocked, id=11752, stack(0x0000000002450000,0x0000000002550000)]

Other Threads:
  0x0000000014e65800 VMThread [stack: 0x0000000015dd0000,0x0000000015ed0000] [id=10488]
  0x00000000162c0000 WatcherThread [stack: 0x0000000016ed0000,0x0000000016fd0000] [id=10464]

VM state:synchronizing (normal execution)

VM Mutex/Monitor currently owned by a thread:  ([mutex/lock_event])
[0x000000000218c440] Safepoint_lock - owner thread: 0x0000000014e65800
[0x000000000218c4c0] Threads_lock - owner thread: 0x0000000014e65800

Heap:
 PSYoungGen      total 15360K, used 4411K [0x00000000eab00000, 0x00000000ebd00000, 0x0000000100000000)
  eden space 12288K, 18% used [0x00000000eab00000,0x00000000ead2ee98,0x00000000eb700000)
  from space 3072K, 70% used [0x00000000eba00000,0x00000000ebc20010,0x00000000ebd00000)
  to   space 3072K, 0% used [0x00000000eb700000,0x00000000eb700000,0x00000000eba00000)
 ParOldGen       total 29184K, used 4100K [0x00000000c0000000, 0x00000000c1c80000, 0x00000000eab00000)
  object space 29184K, 14% used [0x00000000c0000000,0x00000000c04012f0,0x00000000c1c80000)
 Metaspace       used 5793K, capacity 6832K, committed 7040K, reserved 1056768K
  class space    used 596K, capacity 616K, committed 640K, reserved 1048576K

Card table byte_map: [0x0000000011910000,0x0000000011b20000] byte_map_base: 0x0000000011310000

Marking Bits: (ParMarkBitMap*) 0x00000000709612b0
 Begin Bits: [0x00000000122e0000, 0x00000000132e0000)
 End Bits:   [0x00000000132e0000, 0x00000000142e0000)

Polling page: 0x00000000000b0000

CodeCache: size=245760Kb used=5082Kb max_used=5095Kb free=240677Kb
 bounds [0x0000000002550000, 0x0000000002a50000, 0x0000000011550000]
 total_blobs=1566 nmethods=1301 adapters=180
 compilation: enabled

Compilation events (10 events):
Event: 4.433 Thread 0x0000000016254800 1308       4       com.android.dx.rop.code.InsnList::set (7 bytes)
Event: 4.435 Thread 0x0000000016254800 nmethod 1308 0x0000000002a3c7d0 code [0x0000000002a3c920, 0x0000000002a3ca18]
Event: 4.435 Thread 0x0000000016254800 1298       4       com.android.dx.ssa.SsaInsn::<init> (29 bytes)
Event: 4.436 Thread 0x0000000016254800 nmethod 1298 0x0000000002a46890 code [0x0000000002a469c0, 0x0000000002a46a58]
Event: 4.436 Thread 0x0000000016254800 1319       4       com.android.dx.util.FixedSizeList::hashCode (8 bytes)
Event: 4.443 Thread 0x0000000016254800 nmethod 1319 0x0000000002a46290 code [0x0000000002a463e0, 0x0000000002a46638]
Event: 4.443 Thread 0x0000000016254800 1303       4       com.android.dx.ssa.SCCP::addBlockToWorklist (47 bytes)
Event: 4.468 Thread 0x0000000016254800 nmethod 1303 0x0000000002a4c190 code [0x0000000002a4c320, 0x0000000002a4cc08]
Event: 4.468 Thread 0x0000000016254800 1314       4       com.android.dx.ssa.SsaRenamer$BlockRenamer::processResultReg (56 bytes)
Event: 4.493 Thread 0x0000000016254800 nmethod 1314 0x0000000002a4d4d0 code [0x0000000002a4d660, 0x0000000002a4dd88]

GC Heap History (10 events):
Event: 1.328 GC heap before
{Heap before GC invocations=6 (full 0):
 PSYoungGen      total 2560K, used 2536K [0x00000000eab00000, 0x00000000eb200000, 0x0000000100000000)
  eden space 2048K, 100% used [0x00000000eab00000,0x00000000ead00000,0x00000000ead00000)
  from space 512K, 95% used [0x00000000ead00000,0x00000000ead7a020,0x00000000ead80000)
  to   space 1536K, 0% used [0x00000000eb080000,0x00000000eb080000,0x00000000eb200000)
 ParOldGen       total 29184K, used 1737K [0x00000000c0000000, 0x00000000c1c80000, 0x00000000eab00000)
  object space 29184K, 5% used [0x00000000c0000000,0x00000000c01b24d0,0x00000000c1c80000)
 Metaspace       used 4794K, capacity 5936K, committed 6272K, reserved 1056768K
  class space    used 535K, capacity 552K, committed 640K, reserved 1048576K
Event: 1.343 GC heap after
Heap after GC invocations=6 (full 0):
 PSYoungGen      total 5632K, used 1237K [0x00000000eab00000, 0x00000000eb200000, 0x0000000100000000)
  eden space 4096K, 0% used [0x00000000eab00000,0x00000000eab00000,0x00000000eaf00000)
  from space 1536K, 80% used [0x00000000eb080000,0x00000000eb1b5668,0x00000000eb200000)
  to   space 1536K, 0% used [0x00000000eaf00000,0x00000000eaf00000,0x00000000eb080000)
 ParOldGen       total 29184K, used 1745K [0x00000000c0000000, 0x00000000c1c80000, 0x00000000eab00000)
  object space 29184K, 5% used [0x00000000c0000000,0x00000000c01b44d0,0x00000000c1c80000)
 Metaspace       used 4794K, capacity 5936K, committed 6272K, reserved 1056768K
  class space    used 535K, capacity 552K, committed 640K, reserved 1048576K
}
Event: 1.690 GC heap before
{Heap before GC invocations=7 (full 0):
 PSYoungGen      total 5632K, used 5333K [0x00000000eab00000, 0x00000000eb200000, 0x0000000100000000)
  eden space 4096K, 100% used [0x00000000eab00000,0x00000000eaf00000,0x00000000eaf00000)
  from space 1536K, 80% used [0x00000000eb080000,0x00000000eb1b5668,0x00000000eb200000)
  to   space 1536K, 0% used [0x00000000eaf00000,0x00000000eaf00000,0x00000000eb080000)
 ParOldGen       total 29184K, used 1745K [0x00000000c0000000, 0x00000000c1c80000, 0x00000000eab00000)
  object space 29184K, 5% used [0x00000000c0000000,0x00000000c01b44d0,0x00000000c1c80000)
 Metaspace       used 5442K, capacity 6512K, committed 6784K, reserved 1056768K
  class space    used 588K, capacity 616K, committed 640K, reserved 1048576K
Event: 1.808 GC heap after
Heap after GC invocations=7 (full 0):
 PSYoungGen      total 5632K, used 1524K [0x00000000eab00000, 0x00000000eb700000, 0x0000000100000000)
  eden space 4096K, 0% used [0x00000000eab00000,0x00000000eab00000,0x00000000eaf00000)
  from space 1536K, 99% used [0x00000000eaf00000,0x00000000eb07d008,0x00000000eb080000)
  to   space 2048K, 0% used [0x00000000eb500000,0x00000000eb500000,0x00000000eb700000)
 ParOldGen       total 29184K, used 2159K [0x00000000c0000000, 0x00000000c1c80000, 0x00000000eab00000)
  object space 29184K, 7% used [0x00000000c0000000,0x00000000c021bfe8,0x00000000c1c80000)
 Metaspace       used 5442K, capacity 6512K, committed 6784K, reserved 1056768K
  class space    used 588K, capacity 616K, committed 640K, reserved 1048576K
}
Event: 2.360 GC heap before
{Heap before GC invocations=8 (full 0):
 PSYoungGen      total 5632K, used 5620K [0x00000000eab00000, 0x00000000eb700000, 0x0000000100000000)
  eden space 4096K, 100% used [0x00000000eab00000,0x00000000eaf00000,0x00000000eaf00000)
  from space 1536K, 99% used [0x00000000eaf00000,0x00000000eb07d008,0x00000000eb080000)
  to   space 2048K, 0% used [0x00000000eb500000,0x00000000eb500000,0x00000000eb700000)
 ParOldGen       total 29184K, used 2159K [0x00000000c0000000, 0x00000000c1c80000, 0x00000000eab00000)
  object space 29184K, 7% used [0x00000000c0000000,0x00000000c021bfe8,0x00000000c1c80000)
 Metaspace       used 5619K, capacity 6704K, committed 6784K, reserved 1056768K
  class space    used 593K, capacity 616K, committed 640K, reserved 1048576K
Event: 2.630 GC heap after
Heap after GC invocations=8 (full 0):
 PSYoungGen      total 9728K, used 2016K [0x00000000eab00000, 0x00000000eb800000, 0x0000000100000000)
  eden space 7680K, 0% used [0x00000000eab00000,0x00000000eab00000,0x00000000eb280000)
  from space 2048K, 98% used [0x00000000eb500000,0x00000000eb6f8018,0x00000000eb700000)
  to   space 2560K, 0% used [0x00000000eb280000,0x00000000eb280000,0x00000000eb500000)
 ParOldGen       total 29184K, used 2408K [0x00000000c0000000, 0x00000000c1c80000, 0x00000000eab00000)
  object space 29184K, 8% used [0x00000000c0000000,0x00000000c025a120,0x00000000c1c80000)
 Metaspace       used 5619K, capacity 6704K, committed 6784K, reserved 1056768K
  class space    used 593K, capacity 616K, committed 640K, reserved 1048576K
}
Event: 2.968 GC heap before
{Heap before GC invocations=9 (full 0):
 PSYoungGen      total 9728K, used 9696K [0x00000000eab00000, 0x00000000eb800000, 0x0000000100000000)
  eden space 7680K, 100% used [0x00000000eab00000,0x00000000eb280000,0x00000000eb280000)
  from space 2048K, 98% used [0x00000000eb500000,0x00000000eb6f8018,0x00000000eb700000)
  to   space 2560K, 0% used [0x00000000eb280000,0x00000000eb280000,0x00000000eb500000)
 ParOldGen       total 29184K, used 2408K [0x00000000c0000000, 0x00000000c1c80000, 0x00000000eab00000)
  object space 29184K, 8% used [0x00000000c0000000,0x00000000c025a120,0x00000000c1c80000)
 Metaspace       used 5701K, capacity 6768K, committed 7040K, reserved 1056768K
  class space    used 596K, capacity 616K, committed 640K, reserved 1048576K
Event: 3.147 GC heap after
Heap after GC invocations=9 (full 0):
 PSYoungGen      total 10240K, used 2528K [0x00000000eab00000, 0x00000000ebd00000, 0x0000000100000000)
  eden space 7680K, 0% used [0x00000000eab00000,0x00000000eab00000,0x00000000eb280000)
  from space 2560K, 98% used [0x00000000eb280000,0x00000000eb4f8028,0x00000000eb500000)
  to   space 3072K, 0% used [0x00000000eba00000,0x00000000eba00000,0x00000000ebd00000)
 ParOldGen       total 29184K, used 2830K [0x00000000c0000000, 0x00000000c1c80000, 0x00000000eab00000)
  object space 29184K, 9% used [0x00000000c0000000,0x00000000c02c3ab8,0x00000000c1c80000)
 Metaspace       used 5701K, capacity 6768K, committed 7040K, reserved 1056768K
  class space    used 596K, capacity 616K, committed 640K, reserved 1048576K
}
Event: 3.918 GC heap before
{Heap before GC invocations=10 (full 0):
 PSYoungGen      total 10240K, used 10208K [0x00000000eab00000, 0x00000000ebd00000, 0x0000000100000000)
  eden space 7680K, 100% used [0x00000000eab00000,0x00000000eb280000,0x00000000eb280000)
  from space 2560K, 98% used [0x00000000eb280000,0x00000000eb4f8028,0x00000000eb500000)
  to   space 3072K, 0% used [0x00000000eba00000,0x00000000eba00000,0x00000000ebd00000)
 ParOldGen       total 29184K, used 2830K [0x00000000c0000000, 0x00000000c1c80000, 0x00000000eab00000)
  object space 29184K, 9% used [0x00000000c0000000,0x00000000c02c3ab8,0x00000000c1c80000)
 Metaspace       used 5778K, capacity 6832K, committed 7040K, reserved 1056768K
  class space    used 596K, capacity 616K, committed 640K, reserved 1048576K
Event: 4.318 GC heap after
Heap after GC invocations=10 (full 0):
 PSYoungGen      total 15360K, used 2176K [0x00000000eab00000, 0x00000000ebd00000, 0x0000000100000000)
  eden space 12288K, 0% used [0x00000000eab00000,0x00000000eab00000,0x00000000eb700000)
  from space 3072K, 70% used [0x00000000eba00000,0x00000000ebc20010,0x00000000ebd00000)
  to   space 3072K, 0% used [0x00000000eb700000,0x00000000eb700000,0x00000000eba00000)
 ParOldGen       total 29184K, used 4100K [0x00000000c0000000, 0x00000000c1c80000, 0x00000000eab00000)
  object space 29184K, 14% used [0x00000000c0000000,0x00000000c04012f0,0x00000000c1c80000)
 Metaspace       used 5778K, capacity 6832K, committed 7040K, reserved 1056768K
  class space    used 596K, capacity 616K, committed 640K, reserved 1048576K
}

Deoptimization events (8 events):
Event: 1.872 Thread 0x0000000016420800 Uncommon trap: reason=class_check action=maybe_recompile pc=0x00000000027c8a60 method=com.android.dx.ssa.NormalSsaInsn.accept(Lcom/android/dx/ssa/SsaInsn$Visitor;)V @ 9
Event: 1.873 Thread 0x0000000016420800 Uncommon trap: reason=class_check action=maybe_recompile pc=0x00000000027c8a60 method=com.android.dx.ssa.NormalSsaInsn.accept(Lcom/android/dx/ssa/SsaInsn$Visitor;)V @ 9
Event: 1.873 Thread 0x0000000016420800 Uncommon trap: reason=class_check action=maybe_recompile pc=0x00000000027c8a60 method=com.android.dx.ssa.NormalSsaInsn.accept(Lcom/android/dx/ssa/SsaInsn$Visitor;)V @ 9
Event: 1.874 Thread 0x0000000016420800 Uncommon trap: reason=class_check action=maybe_recompile pc=0x00000000027c8a60 method=com.android.dx.ssa.NormalSsaInsn.accept(Lcom/android/dx/ssa/SsaInsn$Visitor;)V @ 9
Event: 2.223 Thread 0x0000000016411000 Uncommon trap: reason=unreached action=reinterpret pc=0x00000000027d0c44 method=com.android.dx.rop.cst.Constant.compareTo(Lcom/android/dx/rop/cst/Constant;)I @ 12
Event: 2.754 Thread 0x0000000016411000 Uncommon trap: reason=bimorphic action=maybe_recompile pc=0x000000000275e2d4 method=java.util.HashMap.getNode(ILjava/lang/Object;)Ljava/util/HashMap$Node; @ 126
Event: 3.240 Thread 0x0000000016411000 Uncommon trap: reason=null_check action=make_not_entrant pc=0x00000000027f8ad0 method=com.android.dx.rop.type.Type.equals(Ljava/lang/Object;)Z @ 8
Event: 4.388 Thread 0x0000000016423000 Uncommon trap: reason=bimorphic action=maybe_recompile pc=0x00000000027789b8 method=java.util.HashMap.getNode(ILjava/lang/Object;)Ljava/util/HashMap$Node; @ 126

Internal exceptions (10 events):
Event: 1.491 Thread 0x0000000016423000 Exception <a 'java/security/PrivilegedActionException'> (0x00000000ead26880) thrown at [C:\re\workspace\8-2-build-windows-amd64-cygwin\jdk8u11\648\hotspot\src\share\vm\prims\jvm.cpp, line 1248]
Event: 1.493 Thread 0x0000000016423000 Exception <a 'java/security/PrivilegedActionException'> (0x00000000ead45a70) thrown at [C:\re\workspace\8-2-build-windows-amd64-cygwin\jdk8u11\648\hotspot\src\share\vm\prims\jvm.cpp, line 1248]
Event: 1.504 Thread 0x0000000016420800 Exception <a 'java/security/PrivilegedActionException'> (0x00000000ead9aed0) thrown at [C:\re\workspace\8-2-build-windows-amd64-cygwin\jdk8u11\648\hotspot\src\share\vm\prims\jvm.cpp, line 1248]
Event: 1.668 Thread 0x0000000016411000 Exception <a 'java/security/PrivilegedActionException'> (0x00000000eaeb22d0) thrown at [C:\re\workspace\8-2-build-windows-amd64-cygwin\jdk8u11\648\hotspot\src\share\vm\prims\jvm.cpp, line 1248]
Event: 2.667 Thread 0x0000000016423000 Exception <a 'java/security/PrivilegedActionException'> (0x00000000eab34e48) thrown at [C:\re\workspace\8-2-build-windows-amd64-cygwin\jdk8u11\648\hotspot\src\share\vm\prims\jvm.cpp, line 1248]
Event: 2.669 Thread 0x0000000016423000 Exception <a 'java/security/PrivilegedActionException'> (0x00000000eab390b8) thrown at [C:\re\workspace\8-2-build-windows-amd64-cygwin\jdk8u11\648\hotspot\src\share\vm\prims\jvm.cpp, line 1248]
Event: 2.669 Thread 0x0000000016423000 Exception <a 'java/security/PrivilegedActionException'> (0x00000000eab3fcd0) thrown at [C:\re\workspace\8-2-build-windows-amd64-cygwin\jdk8u11\648\hotspot\src\share\vm\prims\jvm.cpp, line 1248]
Event: 2.706 Thread 0x0000000016420800 Exception <a 'java/security/PrivilegedActionException'> (0x00000000eabe0d58) thrown at [C:\re\workspace\8-2-build-windows-amd64-cygwin\jdk8u11\648\hotspot\src\share\vm\prims\jvm.cpp, line 1248]
Event: 2.828 Thread 0x0000000016411000 Exception <a 'java/security/PrivilegedActionException'> (0x00000000eb03feb0) thrown at [C:\re\workspace\8-2-build-windows-amd64-cygwin\jdk8u11\648\hotspot\src\share\vm\prims\jvm.cpp, line 1248]
Event: 3.240 Thread 0x0000000016411000 Implicit null exception at 0x00000000027f89d2 to 0x00000000027f8ac2

Events (10 events):
Event: 3.240 Thread 0x0000000016411000 DEOPT UNPACKING pc=0x00000000025973ef sp=0x0000000015fcea58 mode 2
Event: 3.372 Thread 0x0000000016411000 Thread exited: 0x0000000016411000
Event: 3.416 Thread 0x000000001640e800 Thread exited: 0x000000001640e800
Event: 3.426 Thread 0x0000000016420800 Thread exited: 0x0000000016420800
Event: 3.918 Executing VM operation: ParallelGCFailedAllocation
Event: 4.318 Executing VM operation: ParallelGCFailedAllocation done
Event: 4.388 Thread 0x0000000016423000 Uncommon trap: trap_request=0xffffffc6 fr.pc=0x00000000027789b8
Event: 4.388 Thread 0x0000000016423000 DEOPT PACKING pc=0x00000000027789b8 sp=0x00000000177feab0
Event: 4.388 Thread 0x0000000016423000 DEOPT UNPACKING pc=0x00000000025973ef sp=0x00000000177fea20 mode 2
Event: 4.494 Executing VM operation: EnableBiasedLocking


Dynamic libraries:
0x000000013f980000 - 0x000000013f9b4000 	D:\Java\jdk1.8.0_11\bin\java.exe
0x0000000077780000 - 0x0000000077929000 	C:\Windows\SYSTEM32\ntdll.dll
0x0000000077560000 - 0x000000007767f000 	C:\Windows\system32\kernel32.dll
0x000007fefd760000 - 0x000007fefd7cc000 	C:\Windows\system32\KERNELBASE.dll
0x000007feff710000 - 0x000007feff7eb000 	C:\Windows\system32\ADVAPI32.dll
0x000007fefeee0000 - 0x000007fefef7f000 	C:\Windows\system32\msvcrt.dll
0x000007fefda30000 - 0x000007fefda4f000 	C:\Windows\SYSTEM32\sechost.dll
0x000007feff2d0000 - 0x000007feff3fd000 	C:\Windows\system32\RPCRT4.dll
0x0000000077680000 - 0x000000007777a000 	C:\Windows\system32\USER32.dll
0x000007feff470000 - 0x000007feff4d7000 	C:\Windows\system32\GDI32.dll
0x000007fefed60000 - 0x000007fefed6e000 	C:\Windows\system32\LPK.dll
0x000007fefed70000 - 0x000007fefee39000 	C:\Windows\system32\USP10.dll
0x000007fefbf30000 - 0x000007fefc124000 	C:\Windows\WinSxS\amd64_microsoft.windows.common-controls_6595b64144ccf1df_6.0.7601.18837_none_fa3b1e3d17594757\COMCTL32.dll
0x000007feff690000 - 0x000007feff701000 	C:\Windows\system32\SHLWAPI.dll
0x000007feff7f0000 - 0x000007feff81e000 	C:\Windows\system32\IMM32.DLL
0x000007feff580000 - 0x000007feff689000 	C:\Windows\system32\MSCTF.dll
0x0000000050a10000 - 0x0000000050ae2000 	D:\Java\jdk1.8.0_11\jre\bin\msvcr100.dll
0x00000000701b0000 - 0x00000000709da000 	D:\Java\jdk1.8.0_11\jre\bin\server\jvm.dll
0x000007fef1730000 - 0x000007fef1739000 	C:\Windows\system32\WSOCK32.dll
0x000007feff400000 - 0x000007feff44d000 	C:\Windows\system32\WS2_32.dll
0x000007fefd8e0000 - 0x000007fefd8e8000 	C:\Windows\system32\NSI.dll
0x000007fef8900000 - 0x000007fef893b000 	C:\Windows\system32\WINMM.dll
0x0000000077950000 - 0x0000000077957000 	C:\Windows\system32\PSAPI.DLL
0x0000000056470000 - 0x000000005647f000 	D:\Java\jdk1.8.0_11\jre\bin\verify.dll
0x0000000056440000 - 0x0000000056468000 	D:\Java\jdk1.8.0_11\jre\bin\java.dll
0x0000000050ed0000 - 0x0000000050ee6000 	D:\Java\jdk1.8.0_11\jre\bin\zip.dll
0x000007fefda50000 - 0x000007fefe7d9000 	C:\Windows\system32\SHELL32.dll
0x000007fefeb50000 - 0x000007fefed53000 	C:\Windows\system32\ole32.dll
0x000007fefd520000 - 0x000007fefd52f000 	C:\Windows\system32\profapi.dll

VM Arguments:
jvm_args: -Djava.awt.headless=true -Xmx1024M -Dfile.encoding=GBK -Duser.country=CN -Duser.language=zh -Duser.variant 
java_command: com.android.dx.command.Main --dex --force-jumbo --num-threads=4 --output E:\AndroidStudioProjects\CustomerApp\app\build\intermediates\pre-dexed\debug\com.android.support-support-vector-drawable-23.4.0_159079117962e35d03a1c52a3308f7cbe5e3d3c1.jar E:\AndroidStudioProjects\CustomerApp\app\build\intermediates\exploded-aar\com.android.support\support-vector-drawable\23.4.0\jars\classes.jar
java_class_path (initial): F:\Android_Studio\sdk\build-tools\24.0.1\lib\dx.jar
Launcher Type: SUN_STANDARD

Environment Variables:
JAVA_HOME=D:\Java\jdk1.8.0_11\
CLASSPATH=.;C:\Program Files (x86)\QuickTime\QTSystem\QTJava.zip
PATH=C:\Windows\system32;C:\Windows;C:\Windows\System32\Wbem;C:\Windows\System32\WindowsPowerShell\v1.0\;C:\Program Files (x86)\Microsoft SQL Server\100\Tools\Binn\;C:\Program Files\Microsoft SQL Server\100\Tools\Binn\;C:\Program Files\Microsoft SQL Server\100\DTS\Binn\;C:\Program Files (x86)\ATI Technologies\ATI.ACE\Core-Static;D:\Java\jdk1.8.0_11\\bin;C:\Program Files\Microsoft SQL Server\110\Tools\Binn\;E:\Git;E:\TortoiseGit\bin;C:\Python27;C:\Program Files\Microsoft Windows Performance Toolkit\;E:\TortoiseSVN\bin;E:\webRTC_third\depot_tools;F:\Tomcat\apache-tomcat-7.0.63\lib;F:\Tomcat\apache-tomcat-7.0.63\bin;C:\Program Files (x86)\QuickTime\QTSystem\;D:\maven\apache-maven-3.3.3\bin;D:\groovy\groovy-2.4.7\bin;D:\gradle\gradle-2.14.1/bin
USERNAME=Administrator
OS=Windows_NT
PROCESSOR_IDENTIFIER=Intel64 Family 6 Model 37 Stepping 5, GenuineIntel



---------------  S Y S T E M  ---------------

OS: Windows 7 , 64 bit Build 7601 Service Pack 1

CPU:total 4 (2 cores per cpu, 2 threads per core) family 6 model 37 stepping 5, cmov, cx8, fxsr, mmx, sse, sse2, sse3, ssse3, sse4.1, sse4.2, popcnt, ht, tsc, tscinvbit

Memory: 4k page, physical 1954280k(19900k free), swap 7817120k(4976k free)

vm_info: Java HotSpot(TM) 64-Bit Server VM (25.11-b03) for windows-amd64 JRE (1.8.0_11-b12), built on Jun 16 2014 20:57:32 by "java_re" with MS VC++ 10.0 (VS2010)

time: Mon Aug 01 18:22:27 2016
elapsed time: 4 seconds

