#
# There is insufficient memory for the Java Runtime Environment to continue.
# Native memory allocation (malloc) failed to allocate 259216 bytes for Chunk::new
# Possible reasons:
#   The system is out of physical RAM or swap space
#   In 32 bit mode, the process size limit was hit
# Possible solutions:
#   Reduce memory load on the system
#   Increase physical memory or swap space
#   Check if swap backing store is full
#   Use 64 bit Java on a 64 bit OS
#   Decrease Java heap size (-Xmx/-Xms)
#   Decrease number of Java threads
#   Decrease Java thread stack sizes (-Xss)
#   Set larger code cache with -XX:ReservedCodeCacheSize=
# This output file may be truncated or incomplete.
#
#  Out of Memory Error (allocation.cpp:388), pid=9484, tid=10296
#
# JRE version: Java(TM) SE Runtime Environment (8.0_11-b12) (build 1.8.0_11-b12)
# Java VM: Java HotSpot(TM) 64-Bit Server VM (25.11-b03 mixed mode windows-amd64 compressed oops)
# Failed to write core dump. Minidumps are not enabled by default on client versions of Windows
#

---------------  T H R E A D  ---------------

Current thread (0x0000000016122000):  JavaThread "C2 CompilerThread1" daemon [_thread_in_native, id=10296, stack(0x0000000016950000,0x0000000016a50000)]

Stack: [0x0000000016950000,0x0000000016a50000]
Native frames: (J=compiled Java code, j=interpreted, Vv=VM code, C=native code)
V  [jvm.dll+0x308eca]


Current CompileTask:
C2:   4712  928   !   4       com.android.dx.rop.code.RegisterSpec::intern (70 bytes)


---------------  P R O C E S S  ---------------

Java Threads: ( => current thread )
  0x000000001645d000 JavaThread "pool-1-thread-4" [_thread_in_Java, id=10692, stack(0x0000000017e70000,0x0000000017f70000)]
  0x0000000016fd2800 JavaThread "pool-1-thread-3" [_thread_blocked, id=9836, stack(0x0000000017c30000,0x0000000017d30000)]
  0x0000000016fb7000 JavaThread "pool-1-thread-2" [_thread_blocked, id=7208, stack(0x0000000017a50000,0x0000000017b50000)]
  0x0000000016420800 JavaThread "pool-2-thread-1" [_thread_blocked, id=10608, stack(0x0000000017870000,0x0000000017970000)]
  0x0000000016472000 JavaThread "pool-1-thread-1" [_thread_blocked, id=10844, stack(0x0000000016750000,0x0000000016850000)]
  0x0000000016175000 JavaThread "Service Thread" daemon [_thread_blocked, id=11300, stack(0x0000000016d80000,0x0000000016e80000)]
  0x0000000016144000 JavaThread "C1 CompilerThread2" daemon [_thread_in_native, id=11096, stack(0x0000000016b30000,0x0000000016c30000)]
=>0x0000000016122000 JavaThread "C2 CompilerThread1" daemon [_thread_in_native, id=10296, stack(0x0000000016950000,0x0000000016a50000)]
  0x0000000016105000 JavaThread "C2 CompilerThread0" daemon [_thread_in_native, id=9632, stack(0x0000000016850000,0x0000000016950000)]
  0x0000000014d1f800 JavaThread "Attach Listener" daemon [_thread_blocked, id=11372, stack(0x0000000016500000,0x0000000016600000)]
  0x0000000014d1c000 JavaThread "Signal Dispatcher" daemon [_thread_blocked, id=10940, stack(0x0000000016620000,0x0000000016720000)]
  0x0000000014caf000 JavaThread "Finalizer" daemon [_thread_blocked, id=5540, stack(0x0000000015d10000,0x0000000015e10000)]
  0x0000000014ca9800 JavaThread "Reference Handler" daemon [_thread_blocked, id=9336, stack(0x0000000015ff0000,0x00000000160f0000)]
  0x000000000213e800 JavaThread "main" [_thread_in_native, id=10908, stack(0x00000000021d0000,0x00000000022d0000)]

Other Threads:
  0x0000000014ca5800 VMThread [stack: 0x0000000015eb0000,0x0000000015fb0000] [id=7532]
  0x0000000016179800 WatcherThread [stack: 0x0000000016eb0000,0x0000000016fb0000] [id=5620]

VM state:not at safepoint (normal execution)

VM Mutex/Monitor currently owned by a thread: None

Heap:
 PSYoungGen      total 9216K, used 4099K [0x00000000eab00000, 0x00000000ebc00000, 0x0000000100000000)
  eden space 8192K, 37% used [0x00000000eab00000,0x00000000eae022b0,0x00000000eb300000)
  from space 1024K, 99% used [0x00000000eb300000,0x00000000eb3fea98,0x00000000eb400000)
  to   space 2048K, 0% used [0x00000000eba00000,0x00000000eba00000,0x00000000ebc00000)
 ParOldGen       total 29184K, used 2706K [0x00000000c0000000, 0x00000000c1c80000, 0x00000000eab00000)
  object space 29184K, 9% used [0x00000000c0000000,0x00000000c02a48a8,0x00000000c1c80000)
 Metaspace       used 5648K, capacity 6640K, committed 6784K, reserved 1056768K
  class space    used 591K, capacity 616K, committed 640K, reserved 1048576K

Card table byte_map: [0x0000000011750000,0x0000000011960000] byte_map_base: 0x0000000011150000

Marking Bits: (ParMarkBitMap*) 0x00000000709612b0
 Begin Bits: [0x0000000012120000, 0x0000000013120000)
 End Bits:   [0x0000000013120000, 0x0000000014120000)

Polling page: 0x0000000000110000

CodeCache: size=245760Kb used=3371Kb max_used=3383Kb free=242388Kb
 bounds [0x0000000002390000, 0x00000000026e0000, 0x0000000011390000]
 total_blobs=1180 nmethods=914 adapters=180
 compilation: enabled

Compilation events (10 events):
Event: 4.677 Thread 0x0000000016144000  905       3       com.android.dx.ssa.back.InterferenceGraph::mergeInterferenceSet (29 bytes)
Event: 4.678 Thread 0x0000000016144000 nmethod 905 0x00000000026d2b90 code [0x00000000026d2d40, 0x00000000026d32a8]
Event: 4.678 Thread 0x0000000016144000  922       3       com.android.dx.cf.code.BaseMachine::storeResults (90 bytes)
Event: 4.679 Thread 0x0000000016105000  924       4       com.android.dx.ssa.SsaMethod::getDefinitionForRegister (61 bytes)
Event: 4.679 Thread 0x0000000016144000 nmethod 922 0x00000000026d3690 code [0x00000000026d3880, 0x00000000026d42a8]
Event: 4.679 Thread 0x0000000016144000  918       3       com.android.dx.cf.code.RopperMachine::getSources (264 bytes)
Event: 4.683 Thread 0x0000000016105000 nmethod 924 0x00000000026d7590 code [0x00000000026d7700, 0x00000000026d7928]
Event: 4.683 Thread 0x0000000016122000  928   !   4       com.android.dx.rop.code.RegisterSpec::intern (70 bytes)
Event: 4.684 Thread 0x0000000016144000 nmethod 918 0x00000000026d7ad0 code [0x00000000026d80a0, 0x00000000026dc5d8]
Event: 4.684 Thread 0x0000000016144000  917   !   3       com.android.dx.cf.code.RopperMachine::run (1550 bytes)

GC Heap History (10 events):
Event: 0.835 GC heap before
{Heap before GC invocations=5 (full 0):
 PSYoungGen      total 2560K, used 2552K [0x00000000eab00000, 0x00000000eae00000, 0x0000000100000000)
  eden space 2048K, 100% used [0x00000000eab00000,0x00000000ead00000,0x00000000ead00000)
  from space 512K, 98% used [0x00000000ead80000,0x00000000eadfe030,0x00000000eae00000)
  to   space 512K, 0% used [0x00000000ead00000,0x00000000ead00000,0x00000000ead80000)
 ParOldGen       total 29184K, used 750K [0x00000000c0000000, 0x00000000c1c80000, 0x00000000eab00000)
  object space 29184K, 2% used [0x00000000c0000000,0x00000000c00bb8c0,0x00000000c1c80000)
 Metaspace       used 3505K, capacity 4720K, committed 4864K, reserved 1056768K
  class space    used 377K, capacity 424K, committed 512K, reserved 1048576K
Event: 0.943 GC heap after
Heap after GC invocations=5 (full 0):
 PSYoungGen      total 2560K, used 504K [0x00000000eab00000, 0x00000000eb100000, 0x0000000100000000)
  eden space 2048K, 0% used [0x00000000eab00000,0x00000000eab00000,0x00000000ead00000)
  from space 512K, 98% used [0x00000000ead00000,0x00000000ead7e030,0x00000000ead80000)
  to   space 1024K, 0% used [0x00000000eb000000,0x00000000eb000000,0x00000000eb100000)
 ParOldGen       total 29184K, used 782K [0x00000000c0000000, 0x00000000c1c80000, 0x00000000eab00000)
  object space 29184K, 2% used [0x00000000c0000000,0x00000000c00c38c0,0x00000000c1c80000)
 Metaspace       used 3505K, capacity 4720K, committed 4864K, reserved 1056768K
  class space    used 377K, capacity 424K, committed 512K, reserved 1048576K
}
Event: 0.953 GC heap before
{Heap before GC invocations=6 (full 0):
 PSYoungGen      total 2560K, used 2552K [0x00000000eab00000, 0x00000000eb100000, 0x0000000100000000)
  eden space 2048K, 100% used [0x00000000eab00000,0x00000000ead00000,0x00000000ead00000)
  from space 512K, 98% used [0x00000000ead00000,0x00000000ead7e030,0x00000000ead80000)
  to   space 1024K, 0% used [0x00000000eb000000,0x00000000eb000000,0x00000000eb100000)
 ParOldGen       total 29184K, used 782K [0x00000000c0000000, 0x00000000c1c80000, 0x00000000eab00000)
  object space 29184K, 2% used [0x00000000c0000000,0x00000000c00c38c0,0x00000000c1c80000)
 Metaspace       used 3505K, capacity 4720K, committed 4864K, reserved 1056768K
  class space    used 377K, capacity 424K, committed 512K, reserved 1048576K
Event: 1.037 GC heap after
Heap after GC invocations=6 (full 0):
 PSYoungGen      total 5120K, used 504K [0x00000000eab00000, 0x00000000eb100000, 0x0000000100000000)
  eden space 4096K, 0% used [0x00000000eab00000,0x00000000eab00000,0x00000000eaf00000)
  from space 1024K, 49% used [0x00000000eb000000,0x00000000eb07e030,0x00000000eb100000)
  to   space 1024K, 0% used [0x00000000eaf00000,0x00000000eaf00000,0x00000000eb000000)
 ParOldGen       total 29184K, used 790K [0x00000000c0000000, 0x00000000c1c80000, 0x00000000eab00000)
  object space 29184K, 2% used [0x00000000c0000000,0x00000000c00c58c0,0x00000000c1c80000)
 Metaspace       used 3505K, capacity 4720K, committed 4864K, reserved 1056768K
  class space    used 377K, capacity 424K, committed 512K, reserved 1048576K
}
Event: 1.055 GC heap before
{Heap before GC invocations=7 (full 0):
 PSYoungGen      total 5120K, used 4600K [0x00000000eab00000, 0x00000000eb100000, 0x0000000100000000)
  eden space 4096K, 100% used [0x00000000eab00000,0x00000000eaf00000,0x00000000eaf00000)
  from space 1024K, 49% used [0x00000000eb000000,0x00000000eb07e030,0x00000000eb100000)
  to   space 1024K, 0% used [0x00000000eaf00000,0x00000000eaf00000,0x00000000eb000000)
 ParOldGen       total 29184K, used 790K [0x00000000c0000000, 0x00000000c1c80000, 0x00000000eab00000)
  object space 29184K, 2% used [0x00000000c0000000,0x00000000c00c58c0,0x00000000c1c80000)
 Metaspace       used 3505K, capacity 4720K, committed 4864K, reserved 1056768K
  class space    used 377K, capacity 424K, committed 512K, reserved 1048576K
Event: 1.146 GC heap after
Heap after GC invocations=7 (full 0):
 PSYoungGen      total 5120K, used 160K [0x00000000eab00000, 0x00000000eb500000, 0x0000000100000000)
  eden space 4096K, 0% used [0x00000000eab00000,0x00000000eab00000,0x00000000eaf00000)
  from space 1024K, 15% used [0x00000000eaf00000,0x00000000eaf28000,0x00000000eb000000)
  to   space 1024K, 0% used [0x00000000eb400000,0x00000000eb400000,0x00000000eb500000)
 ParOldGen       total 29184K, used 1142K [0x00000000c0000000, 0x00000000c1c80000, 0x00000000eab00000)
  object space 29184K, 3% used [0x00000000c0000000,0x00000000c011d920,0x00000000c1c80000)
 Metaspace       used 3505K, capacity 4720K, committed 4864K, reserved 1056768K
  class space    used 377K, capacity 424K, committed 512K, reserved 1048576K
}
Event: 1.293 GC heap before
{Heap before GC invocations=8 (full 0):
 PSYoungGen      total 5120K, used 4256K [0x00000000eab00000, 0x00000000eb500000, 0x0000000100000000)
  eden space 4096K, 100% used [0x00000000eab00000,0x00000000eaf00000,0x00000000eaf00000)
  from space 1024K, 15% used [0x00000000eaf00000,0x00000000eaf28000,0x00000000eb000000)
  to   space 1024K, 0% used [0x00000000eb400000,0x00000000eb400000,0x00000000eb500000)
 ParOldGen       total 29184K, used 1142K [0x00000000c0000000, 0x00000000c1c80000, 0x00000000eab00000)
  object space 29184K, 3% used [0x00000000c0000000,0x00000000c011d920,0x00000000c1c80000)
 Metaspace       used 3661K, capacity 4880K, committed 5120K, reserved 1056768K
  class space    used 400K, capacity 456K, committed 512K, reserved 1048576K
Event: 1.302 GC heap after
Heap after GC invocations=8 (full 0):
 PSYoungGen      total 9216K, used 231K [0x00000000eab00000, 0x00000000eb500000, 0x0000000100000000)
  eden space 8192K, 0% used [0x00000000eab00000,0x00000000eab00000,0x00000000eb300000)
  from space 1024K, 22% used [0x00000000eb400000,0x00000000eb439c50,0x00000000eb500000)
  to   space 1024K, 0% used [0x00000000eb300000,0x00000000eb300000,0x00000000eb400000)
 ParOldGen       total 29184K, used 1275K [0x00000000c0000000, 0x00000000c1c80000, 0x00000000eab00000)
  object space 29184K, 4% used [0x00000000c0000000,0x00000000c013ec08,0x00000000c1c80000)
 Metaspace       used 3661K, capacity 4880K, committed 5120K, reserved 1056768K
  class space    used 400K, capacity 456K, committed 512K, reserved 1048576K
}
Event: 2.923 GC heap before
{Heap before GC invocations=9 (full 0):
 PSYoungGen      total 9216K, used 8423K [0x00000000eab00000, 0x00000000eb500000, 0x0000000100000000)
  eden space 8192K, 100% used [0x00000000eab00000,0x00000000eb300000,0x00000000eb300000)
  from space 1024K, 22% used [0x00000000eb400000,0x00000000eb439c50,0x00000000eb500000)
  to   space 1024K, 0% used [0x00000000eb300000,0x00000000eb300000,0x00000000eb400000)
 ParOldGen       total 29184K, used 1275K [0x00000000c0000000, 0x00000000c1c80000, 0x00000000eab00000)
  object space 29184K, 4% used [0x00000000c0000000,0x00000000c013ec08,0x00000000c1c80000)
 Metaspace       used 5483K, capacity 6512K, committed 6784K, reserved 1056768K
  class space    used 590K, capacity 616K, committed 640K, reserved 1048576K
Event: 4.238 GC heap after
Heap after GC invocations=9 (full 0):
 PSYoungGen      total 9216K, used 1018K [0x00000000eab00000, 0x00000000ebc00000, 0x0000000100000000)
  eden space 8192K, 0% used [0x00000000eab00000,0x00000000eab00000,0x00000000eb300000)
  from space 1024K, 99% used [0x00000000eb300000,0x00000000eb3fea98,0x00000000eb400000)
  to   space 2048K, 0% used [0x00000000eba00000,0x00000000eba00000,0x00000000ebc00000)
 ParOldGen       total 29184K, used 2706K [0x00000000c0000000, 0x00000000c1c80000, 0x00000000eab00000)
  object space 29184K, 9% used [0x00000000c0000000,0x00000000c02a48a8,0x00000000c1c80000)
 Metaspace       used 5483K, capacity 6512K, committed 6784K, reserved 1056768K
  class space    used 590K, capacity 616K, committed 640K, reserved 1048576K
}

Deoptimization events (0 events):
No events

Internal exceptions (10 events):
Event: 2.657 Thread 0x0000000016fb7000 Exception <a 'java/security/PrivilegedActionException'> (0x00000000eb0b01e8) thrown at [C:\re\workspace\8-2-build-windows-amd64-cygwin\jdk8u11\648\hotspot\src\share\vm\prims\jvm.cpp, line 1248]
Event: 2.658 Thread 0x0000000016fb7000 Exception <a 'java/security/PrivilegedActionException'> (0x00000000eb0bb298) thrown at [C:\re\workspace\8-2-build-windows-amd64-cygwin\jdk8u11\648\hotspot\src\share\vm\prims\jvm.cpp, line 1248]
Event: 2.725 Thread 0x0000000016fb7000 Exception <a 'java/security/PrivilegedActionException'> (0x00000000eb0ee600) thrown at [C:\re\workspace\8-2-build-windows-amd64-cygwin\jdk8u11\648\hotspot\src\share\vm\prims\jvm.cpp, line 1248]
Event: 2.737 Thread 0x0000000016fb7000 Exception <a 'java/security/PrivilegedActionException'> (0x00000000eb138190) thrown at [C:\re\workspace\8-2-build-windows-amd64-cygwin\jdk8u11\648\hotspot\src\share\vm\prims\jvm.cpp, line 1248]
Event: 2.750 Thread 0x0000000016fb7000 Exception <a 'java/security/PrivilegedActionException'> (0x00000000eb14bf60) thrown at [C:\re\workspace\8-2-build-windows-amd64-cygwin\jdk8u11\648\hotspot\src\share\vm\prims\jvm.cpp, line 1248]
Event: 2.844 Thread 0x0000000016fd2800 Exception <a 'java/security/PrivilegedActionException'> (0x00000000eb1fe828) thrown at [C:\re\workspace\8-2-build-windows-amd64-cygwin\jdk8u11\648\hotspot\src\share\vm\prims\jvm.cpp, line 1248]
Event: 2.845 Thread 0x0000000016fd2800 Exception <a 'java/security/PrivilegedActionException'> (0x00000000eb22d058) thrown at [C:\re\workspace\8-2-build-windows-amd64-cygwin\jdk8u11\648\hotspot\src\share\vm\prims\jvm.cpp, line 1248]
Event: 2.846 Thread 0x0000000016fd2800 Exception <a 'java/security/PrivilegedActionException'> (0x00000000eb232570) thrown at [C:\re\workspace\8-2-build-windows-amd64-cygwin\jdk8u11\648\hotspot\src\share\vm\prims\jvm.cpp, line 1248]
Event: 2.891 Thread 0x000000000213e800 Exception <a 'java/security/PrivilegedActionException'> (0x00000000eb12b0c0) thrown at [C:\re\workspace\8-2-build-windows-amd64-cygwin\jdk8u11\648\hotspot\src\share\vm\prims\jvm.cpp, line 1248]
Event: 2.894 Thread 0x0000000016fb7000 Exception <a 'java/security/PrivilegedActionException'> (0x00000000eb29aa00) thrown at [C:\re\workspace\8-2-build-windows-amd64-cygwin\jdk8u11\648\hotspot\src\share\vm\prims\jvm.cpp, line 1248]

Events (10 events):
Event: 2.891 loading class com/android/dx/cf/attrib/AttRuntimeInvisibleAnnotations
Event: 2.891 loading class com/android/dx/cf/attrib/AttRuntimeInvisibleAnnotations done
Event: 2.894 loading class com/android/dx/dex/file/MethodAnnotationStruct
Event: 2.894 loading class com/android/dx/dex/file/MethodAnnotationStruct done
Event: 2.912 Executing VM operation: ParallelGCFailedAllocation
Event: 4.239 Executing VM operation: ParallelGCFailedAllocation done
Event: 4.251 loading class java/util/ArrayList$1
Event: 4.252 loading class java/util/ArrayList$1 done
Event: 4.449 Executing VM operation: EnableBiasedLocking
Event: 4.450 Executing VM operation: EnableBiasedLocking done


Dynamic libraries:
0x000000013f980000 - 0x000000013f9b4000 	D:\Java\jdk1.8.0_11\bin\java.exe
0x0000000077780000 - 0x0000000077929000 	C:\Windows\SYSTEM32\ntdll.dll
0x0000000077560000 - 0x000000007767f000 	C:\Windows\system32\kernel32.dll
0x000007fefd760000 - 0x000007fefd7cc000 	C:\Windows\system32\KERNELBASE.dll
0x000007feff710000 - 0x000007feff7eb000 	C:\Windows\system32\ADVAPI32.dll
0x000007fefeee0000 - 0x000007fefef7f000 	C:\Windows\system32\msvcrt.dll
0x000007fefda30000 - 0x000007fefda4f000 	C:\Windows\SYSTEM32\sechost.dll
0x000007feff2d0000 - 0x000007feff3fd000 	C:\Windows\system32\RPCRT4.dll
0x0000000077680000 - 0x000000007777a000 	C:\Windows\system32\USER32.dll
0x000007feff470000 - 0x000007feff4d7000 	C:\Windows\system32\GDI32.dll
0x000007fefed60000 - 0x000007fefed6e000 	C:\Windows\system32\LPK.dll
0x000007fefed70000 - 0x000007fefee39000 	C:\Windows\system32\USP10.dll
0x000007fefbf30000 - 0x000007fefc124000 	C:\Windows\WinSxS\amd64_microsoft.windows.common-controls_6595b64144ccf1df_6.0.7601.18837_none_fa3b1e3d17594757\COMCTL32.dll
0x000007feff690000 - 0x000007feff701000 	C:\Windows\system32\SHLWAPI.dll
0x000007feff7f0000 - 0x000007feff81e000 	C:\Windows\system32\IMM32.DLL
0x000007feff580000 - 0x000007feff689000 	C:\Windows\system32\MSCTF.dll
0x0000000050a10000 - 0x0000000050ae2000 	D:\Java\jdk1.8.0_11\jre\bin\msvcr100.dll
0x00000000701b0000 - 0x00000000709da000 	D:\Java\jdk1.8.0_11\jre\bin\server\jvm.dll
0x000007fef1730000 - 0x000007fef1739000 	C:\Windows\system32\WSOCK32.dll
0x000007feff400000 - 0x000007feff44d000 	C:\Windows\system32\WS2_32.dll
0x000007fefd8e0000 - 0x000007fefd8e8000 	C:\Windows\system32\NSI.dll
0x000007fef8900000 - 0x000007fef893b000 	C:\Windows\system32\WINMM.dll
0x0000000077950000 - 0x0000000077957000 	C:\Windows\system32\PSAPI.DLL
0x0000000056470000 - 0x000000005647f000 	D:\Java\jdk1.8.0_11\jre\bin\verify.dll
0x0000000056440000 - 0x0000000056468000 	D:\Java\jdk1.8.0_11\jre\bin\java.dll
0x0000000050ed0000 - 0x0000000050ee6000 	D:\Java\jdk1.8.0_11\jre\bin\zip.dll
0x000007fefda50000 - 0x000007fefe7d9000 	C:\Windows\system32\SHELL32.dll
0x000007fefeb50000 - 0x000007fefed53000 	C:\Windows\system32\ole32.dll
0x000007fefd520000 - 0x000007fefd52f000 	C:\Windows\system32\profapi.dll

VM Arguments:
jvm_args: -Djava.awt.headless=true -Xmx1024M -Dfile.encoding=GBK -Duser.country=CN -Duser.language=zh -Duser.variant 
java_command: com.android.dx.command.Main --dex --force-jumbo --num-threads=4 --output E:\AndroidStudioProjects\CustomerApp\app\build\intermediates\pre-dexed\debug\com.android.support-support-v4-23.4.0_70e01b445534903b15bfb60f207d937690b46bf9.jar E:\AndroidStudioProjects\CustomerApp\app\build\intermediates\exploded-aar\com.android.support\support-v4\23.4.0\jars\classes.jar
java_class_path (initial): F:\Android_Studio\sdk\build-tools\24.0.1\lib\dx.jar
Launcher Type: SUN_STANDARD

Environment Variables:
JAVA_HOME=D:\Java\jdk1.8.0_11\
CLASSPATH=.;C:\Program Files (x86)\QuickTime\QTSystem\QTJava.zip
PATH=C:\Windows\system32;C:\Windows;C:\Windows\System32\Wbem;C:\Windows\System32\WindowsPowerShell\v1.0\;C:\Program Files (x86)\Microsoft SQL Server\100\Tools\Binn\;C:\Program Files\Microsoft SQL Server\100\Tools\Binn\;C:\Program Files\Microsoft SQL Server\100\DTS\Binn\;C:\Program Files (x86)\ATI Technologies\ATI.ACE\Core-Static;D:\Java\jdk1.8.0_11\\bin;C:\Program Files\Microsoft SQL Server\110\Tools\Binn\;E:\Git;E:\TortoiseGit\bin;C:\Python27;C:\Program Files\Microsoft Windows Performance Toolkit\;E:\TortoiseSVN\bin;E:\webRTC_third\depot_tools;F:\Tomcat\apache-tomcat-7.0.63\lib;F:\Tomcat\apache-tomcat-7.0.63\bin;C:\Program Files (x86)\QuickTime\QTSystem\;D:\maven\apache-maven-3.3.3\bin;D:\groovy\groovy-2.4.7\bin;D:\gradle\gradle-2.14.1/bin
USERNAME=Administrator
OS=Windows_NT
PROCESSOR_IDENTIFIER=Intel64 Family 6 Model 37 Stepping 5, GenuineIntel



---------------  S Y S T E M  ---------------

OS: Windows 7 , 64 bit Build 7601 Service Pack 1

CPU:total 4 (2 cores per cpu, 2 threads per core) family 6 model 37 stepping 5, cmov, cx8, fxsr, mmx, sse, sse2, sse3, ssse3, sse4.1, sse4.2, popcnt, ht, tsc, tscinvbit

Memory: 4k page, physical 1954280k(16624k free), swap 7817120k(4736k free)

vm_info: Java HotSpot(TM) 64-Bit Server VM (25.11-b03) for windows-amd64 JRE (1.8.0_11-b12), built on Jun 16 2014 20:57:32 by "java_re" with MS VC++ 10.0 (VS2010)

time: Mon Aug 01 18:22:27 2016
elapsed time: 4 seconds

