#
# A fatal error has been detected by the Java Runtime Environment:
#
#  EXCEPTION_STACK_OVERFLOW (0xc00000fd) at pc=0x00000000703a24f7, pid=8348, tid=9156
#
# JRE version: Java(TM) SE Runtime Environment (8.0_11-b12) (build 1.8.0_11-b12)
# Java VM: Java HotSpot(TM) 64-Bit Server VM (25.11-b03 mixed mode windows-amd64 compressed oops)
# Problematic frame:
# V  [jvm.dll+0x1f24f7]
#
# Failed to write core dump. Minidumps are not enabled by default on client versions of Windows
#
# If you would like to submit a bug report, please visit:
#   http://bugreport.sun.com/bugreport/crash.jsp
#

---------------  T H R E A D  ---------------

Current thread (0x0000000016288800):  JavaThread "pool-1-thread-3" [_thread_in_vm, id=9156, stack(0x0000000017500000,0x0000000017600000)]

siginfo: ExceptionCode=0xc00000fd, ExceptionInformation=0x0000000000000001 0x00000000175fa210 

Registers:
RAX=0x00000000175fa210, RBX=0x0000000000000006, RCX=0x0000000000005000, RDX=0x0000000000000006
RSP=0x00000000175ff210, RBP=0x0000000000000000, RSI=0x00000000175ff210, RDI=0x0000000000000006
R8 =0x0000000000000006, R9 =0x000000001629aba0, R10=0x00000000142bbe48, R11=0x000000001750a148
R12=0x000000001629aba0, R13=0x0000000016288800, R14=0x00000000175ff2d8, R15=0x00000000142bbe48
RIP=0x00000000703a24f7, EFLAGS=0x0000000000010202

Top of Stack: (sp=0x00000000175ff210)
0x00000000175ff210:   00000000160d9680 0000000050a64e7e
0x00000000175ff220:   0000000016288800 000000001629aba0
0x00000000175ff230:   00000000ffffffff 00000000703a3427
0x00000000175ff240:   00000000175ff340 00000000142bbe48
0x00000000175ff250:   0000000016288800 00000000702602c3
0x00000000175ff260:   00000000175ff2a0 0000000016288800
0x00000000175ff270:   00000000175ff330 0000000016288800
0x00000000175ff280:   00000000142bbe48 0000000016288800
0x00000000175ff290:   0000000002370780 0000000016288800
0x00000000175ff2a0:   00000000142bbe48 0000000016288800
0x00000000175ff2b0:   00000000142bbe48 0000000016288800
0x00000000175ff2c0:   0000000000000001 00000000142bbe48
0x00000000175ff2d0:   0000000016288800 0000000016154b40
0x00000000175ff2e0:   0000000016288800 00000000702617ad
0x00000000175ff2f0:   00000000175ff5f8 000000007fff6448
0x00000000175ff300:   000000007fff6448 00000000707462c3 

Instructions: (pc=0x00000000703a24f7)
0x00000000703a24d7:   48 89 6c 24 30 33 ed 66 90 e8 8b 4e 08 00 ff c3
0x00000000703a24e7:   48 63 c8 48 8b c6 48 0f af cf 48 ff c7 48 2b c1
0x00000000703a24f7:   89 28 48 63 c3 48 3b 05 fd 66 55 00 7e db 48 8b
0x00000000703a2507:   6c 24 30 48 8b 5c 24 38 48 8b 74 24 40 48 83 c4 


Register to memory mapping:

RAX=0x00000000175fa210 is pointing into the stack for thread: 0x0000000016288800
RBX=0x0000000000000006 is an unknown value
RCX=0x0000000000005000 is an unknown value
RDX=0x0000000000000006 is an unknown value
RSP=0x00000000175ff210 is pointing into the stack for thread: 0x0000000016288800
RBP=0x0000000000000000 is an unknown value
RSI=0x00000000175ff210 is pointing into the stack for thread: 0x0000000016288800
RDI=0x0000000000000006 is an unknown value
R8 =0x0000000000000006 is an unknown value
R9 =0x000000001629aba0 is an unknown value
R10=0x00000000142bbe48 is an unknown value
R11=0x000000001750a148 is pointing into the stack for thread: 0x0000000016288800
R12=0x000000001629aba0 is an unknown value
R13=0x0000000016288800 is a thread
R14=0x00000000175ff2d8 is pointing into the stack for thread: 0x0000000016288800
R15=0x00000000142bbe48 is an unknown value


Stack: [0x0000000017500000,0x0000000017600000],  sp=0x00000000175ff210,  free space=1020k
Native frames: (J=compiled Java code, j=interpreted, Vv=VM code, C=native code)


---------------  P R O C E S S  ---------------

Java Threads: ( => current thread )
  0x000000000220e800 JavaThread "DestroyJavaVM" [_thread_blocked, id=9264, stack(0x0000000002260000,0x0000000002360000)]
=>0x0000000016288800 JavaThread "pool-1-thread-3" [_thread_in_vm, id=9156, stack(0x0000000017500000,0x0000000017600000)]
  0x0000000016280000 JavaThread "pool-1-thread-2" [_thread_in_Java, id=8872, stack(0x0000000016b50000,0x0000000016c50000)]
  0x0000000016284000 JavaThread "pool-2-thread-1" [_thread_blocked, id=11328, stack(0x0000000017350000,0x0000000017450000)]
  0x0000000016270800 JavaThread "pool-1-thread-1" [_thread_in_vm, id=10456, stack(0x0000000017190000,0x0000000017290000)]
  0x00000000160d0000 JavaThread "Service Thread" daemon [_thread_blocked, id=9372, stack(0x0000000016ec0000,0x0000000016fc0000)]
  0x00000000160cc800 JavaThread "C1 CompilerThread2" daemon [_thread_blocked, id=8388, stack(0x0000000016c50000,0x0000000016d50000)]
  0x0000000014c8f800 JavaThread "C2 CompilerThread1" daemon [_thread_blocked, id=12168, stack(0x0000000016a20000,0x0000000016b20000)]
  0x0000000014c8b000 JavaThread "C2 CompilerThread0" daemon [_thread_blocked, id=9336, stack(0x0000000016870000,0x0000000016970000)]
  0x00000000160c1000 JavaThread "Attach Listener" daemon [_thread_blocked, id=10248, stack(0x00000000166a0000,0x00000000167a0000)]
  0x00000000160be000 JavaThread "Signal Dispatcher" daemon [_thread_blocked, id=8424, stack(0x00000000164f0000,0x00000000165f0000)]
  0x0000000014c1f000 JavaThread "Finalizer" daemon [_thread_blocked, id=10744, stack(0x0000000015fb0000,0x00000000160b0000)]
  0x0000000014c19800 JavaThread "Reference Handler" daemon [_thread_blocked, id=10796, stack(0x0000000015dd0000,0x0000000015ed0000)]

Other Threads:
  0x0000000014c15800 VMThread [stack: 0x0000000015bd0000,0x0000000015cd0000] [id=10052]
  0x00000000160d4800 WatcherThread [stack: 0x0000000017000000,0x0000000017100000] [id=11428]

VM state:not at safepoint (normal execution)

VM Mutex/Monitor currently owned by a thread: None

Heap:
 PSYoungGen      total 2560K, used 1755K [0x00000000eab00000, 0x00000000eae00000, 0x0000000100000000)
  eden space 2048K, 60% used [0x00000000eab00000,0x00000000eac371f0,0x00000000ead00000)
  from space 512K, 99% used [0x00000000ead80000,0x00000000eadffc60,0x00000000eae00000)
  to   space 512K, 0% used [0x00000000ead00000,0x00000000ead00000,0x00000000ead80000)
 ParOldGen       total 29184K, used 804K [0x00000000c0000000, 0x00000000c1c80000, 0x00000000eab00000)
  object space 29184K, 2% used [0x00000000c0000000,0x00000000c00c93b8,0x00000000c1c80000)
 Metaspace       used 4088K, capacity 5232K, committed 5376K, reserved 1056768K
  class space    used 463K, capacity 488K, committed 512K, reserved 1048576K

Card table byte_map: [0x0000000011720000,0x0000000011930000] byte_map_base: 0x0000000011120000

Marking Bits: (ParMarkBitMap*) 0x00000000709612b0
 Begin Bits: [0x0000000012090000, 0x0000000013090000)
 End Bits:   [0x0000000013090000, 0x0000000014090000)

Polling page: 0x0000000000210000

CodeCache: size=245760Kb used=1480Kb max_used=1487Kb free=244279Kb
 bounds [0x0000000002360000, 0x00000000025d0000, 0x0000000011360000]
 total_blobs=476 nmethods=221 adapters=170
 compilation: enabled

Compilation events (10 events):
Event: 3.156 Thread 0x00000000160cc800  219       3       sun.nio.cs.ext.DoubleByte$Encoder::encodeChar (21 bytes)
Event: 3.156 Thread 0x00000000160cc800 nmethod 219 0x00000000024d3790 code [0x00000000024d3900, 0x00000000024d3ab0]
Event: 3.157 Thread 0x00000000160cc800  220       1       java.nio.Buffer::position (5 bytes)
Event: 3.157 Thread 0x00000000160cc800 nmethod 220 0x00000000024d34d0 code [0x00000000024d3620, 0x00000000024d3730]
Event: 3.157 Thread 0x00000000160cc800  218       1       java.lang.reflect.Field::getName (5 bytes)
Event: 3.157 Thread 0x00000000160cc800 nmethod 218 0x00000000024d3210 code [0x00000000024d3360, 0x00000000024d3470]
Event: 3.157 Thread 0x00000000160cc800  221       1       java.nio.Buffer::limit (5 bytes)
Event: 3.157 Thread 0x00000000160cc800 nmethod 221 0x00000000024d2f50 code [0x00000000024d30a0, 0x00000000024d31b0]
Event: 3.157 Thread 0x00000000160cc800  217       3       java.lang.String::indexOf (25 bytes)
Event: 3.157 Thread 0x00000000160cc800 nmethod 217 0x00000000024d2b10 code [0x00000000024d2c80, 0x00000000024d2e28]

GC Heap History (8 events):
Event: 0.462 GC heap before
{Heap before GC invocations=1 (full 0):
 PSYoungGen      total 1024K, used 509K [0x00000000eab00000, 0x00000000eac80000, 0x0000000100000000)
  eden space 512K, 99% used [0x00000000eab00000,0x00000000eab7f538,0x00000000eab80000)
  from space 512K, 0% used [0x00000000eac00000,0x00000000eac00000,0x00000000eac80000)
  to   space 512K, 0% used [0x00000000eab80000,0x00000000eab80000,0x00000000eac00000)
 ParOldGen       total 29184K, used 0K [0x00000000c0000000, 0x00000000c1c80000, 0x00000000eab00000)
  object space 29184K, 0% used [0x00000000c0000000,0x00000000c0000000,0x00000000c1c80000)
 Metaspace       used 1835K, capacity 4480K, committed 4480K, reserved 1056768K
  class space    used 204K, capacity 384K, committed 384K, reserved 1048576K
Event: 0.966 GC heap after
Heap after GC invocations=1 (full 0):
 PSYoungGen      total 1024K, used 440K [0x00000000eab00000, 0x00000000ead00000, 0x0000000100000000)
  eden space 512K, 0% used [0x00000000eab00000,0x00000000eab00000,0x00000000eab80000)
  from space 512K, 85% used [0x00000000eab80000,0x00000000eabee010,0x00000000eac00000)
  to   space 512K, 0% used [0x00000000eac80000,0x00000000eac80000,0x00000000ead00000)
 ParOldGen       total 29184K, used 0K [0x00000000c0000000, 0x00000000c1c80000, 0x00000000eab00000)
  object space 29184K, 0% used [0x00000000c0000000,0x00000000c0000000,0x00000000c1c80000)
 Metaspace       used 1835K, capacity 4480K, committed 4480K, reserved 1056768K
  class space    used 204K, capacity 384K, committed 384K, reserved 1048576K
}
Event: 1.348 GC heap before
{Heap before GC invocations=2 (full 0):
 PSYoungGen      total 1024K, used 947K [0x00000000eab00000, 0x00000000ead00000, 0x0000000100000000)
  eden space 512K, 99% used [0x00000000eab00000,0x00000000eab7eea8,0x00000000eab80000)
  from space 512K, 85% used [0x00000000eab80000,0x00000000eabee010,0x00000000eac00000)
  to   space 512K, 0% used [0x00000000eac80000,0x00000000eac80000,0x00000000ead00000)
 ParOldGen       total 29184K, used 0K [0x00000000c0000000, 0x00000000c1c80000, 0x00000000eab00000)
  object space 29184K, 0% used [0x00000000c0000000,0x00000000c0000000,0x00000000c1c80000)
 Metaspace       used 2895K, capacity 4490K, committed 4864K, reserved 1056768K
  class space    used 309K, capacity 386K, committed 512K, reserved 1048576K
Event: 1.641 GC heap after
Heap after GC invocations=2 (full 0):
 PSYoungGen      total 1536K, used 485K [0x00000000eab00000, 0x00000000ead00000, 0x0000000100000000)
  eden space 1024K, 0% used [0x00000000eab00000,0x00000000eab00000,0x00000000eac00000)
  from space 512K, 94% used [0x00000000eac80000,0x00000000eacf95f0,0x00000000ead00000)
  to   space 512K, 0% used [0x00000000eac00000,0x00000000eac00000,0x00000000eac80000)
 ParOldGen       total 29184K, used 280K [0x00000000c0000000, 0x00000000c1c80000, 0x00000000eab00000)
  object space 29184K, 0% used [0x00000000c0000000,0x00000000c0046000,0x00000000c1c80000)
 Metaspace       used 2895K, capacity 4490K, committed 4864K, reserved 1056768K
  class space    used 309K, capacity 386K, committed 512K, reserved 1048576K
}
Event: 1.802 GC heap before
{Heap before GC invocations=3 (full 0):
 PSYoungGen      total 1536K, used 1509K [0x00000000eab00000, 0x00000000ead00000, 0x0000000100000000)
  eden space 1024K, 100% used [0x00000000eab00000,0x00000000eac00000,0x00000000eac00000)
  from space 512K, 94% used [0x00000000eac80000,0x00000000eacf95f0,0x00000000ead00000)
  to   space 512K, 0% used [0x00000000eac00000,0x00000000eac00000,0x00000000eac80000)
 ParOldGen       total 29184K, used 280K [0x00000000c0000000, 0x00000000c1c80000, 0x00000000eab00000)
  object space 29184K, 0% used [0x00000000c0000000,0x00000000c0046000,0x00000000c1c80000)
 Metaspace       used 3439K, capacity 4720K, committed 4864K, reserved 1056768K
  class space    used 377K, capacity 424K, committed 512K, reserved 1048576K
Event: 2.776 GC heap after
Heap after GC invocations=3 (full 0):
 PSYoungGen      total 1536K, used 504K [0x00000000eab00000, 0x00000000eae00000, 0x0000000100000000)
  eden space 1024K, 0% used [0x00000000eab00000,0x00000000eab00000,0x00000000eac00000)
  from space 512K, 98% used [0x00000000eac00000,0x00000000eac7e030,0x00000000eac80000)
  to   space 512K, 0% used [0x00000000ead80000,0x00000000ead80000,0x00000000eae00000)
 ParOldGen       total 29184K, used 511K [0x00000000c0000000, 0x00000000c1c80000, 0x00000000eab00000)
  object space 29184K, 1% used [0x00000000c0000000,0x00000000c007fd60,0x00000000c1c80000)
 Metaspace       used 3439K, capacity 4720K, committed 4864K, reserved 1056768K
  class space    used 377K, capacity 424K, committed 512K, reserved 1048576K
}
Event: 2.993 GC heap before
{Heap before GC invocations=4 (full 0):
 PSYoungGen      total 1536K, used 1528K [0x00000000eab00000, 0x00000000eae00000, 0x0000000100000000)
  eden space 1024K, 100% used [0x00000000eab00000,0x00000000eac00000,0x00000000eac00000)
  from space 512K, 98% used [0x00000000eac00000,0x00000000eac7e030,0x00000000eac80000)
  to   space 512K, 0% used [0x00000000ead80000,0x00000000ead80000,0x00000000eae00000)
 ParOldGen       total 29184K, used 511K [0x00000000c0000000, 0x00000000c1c80000, 0x00000000eab00000)
  object space 29184K, 1% used [0x00000000c0000000,0x00000000c007fd60,0x00000000c1c80000)
 Metaspace       used 3715K, capacity 5008K, committed 5120K, reserved 1056768K
  class space    used 414K, capacity 456K, committed 512K, reserved 1048576K
Event: 3.003 GC heap after
Heap after GC invocations=4 (full 0):
 PSYoungGen      total 2560K, used 511K [0x00000000eab00000, 0x00000000eae00000, 0x0000000100000000)
  eden space 2048K, 0% used [0x00000000eab00000,0x00000000eab00000,0x00000000ead00000)
  from space 512K, 99% used [0x00000000ead80000,0x00000000eadffc60,0x00000000eae00000)
  to   space 512K, 0% used [0x00000000ead00000,0x00000000ead00000,0x00000000ead80000)
 ParOldGen       total 29184K, used 804K [0x00000000c0000000, 0x00000000c1c80000, 0x00000000eab00000)
  object space 29184K, 2% used [0x00000000c0000000,0x00000000c00c93b8,0x00000000c1c80000)
 Metaspace       used 3715K, capacity 5008K, committed 5120K, reserved 1056768K
  class space    used 414K, capacity 456K, committed 512K, reserved 1048576K
}

Deoptimization events (0 events):
No events

Internal exceptions (10 events):
Event: 3.138 Thread 0x0000000016270800 Exception <a 'java/security/PrivilegedActionException'> (0x00000000eabf9c18) thrown at [C:\re\workspace\8-2-build-windows-amd64-cygwin\jdk8u11\648\hotspot\src\share\vm\prims\jvm.cpp, line 1248]
Event: 3.138 Thread 0x0000000016280000 Exception <a 'java/security/PrivilegedActionException'> (0x00000000eabfcdc0) thrown at [C:\re\workspace\8-2-build-windows-amd64-cygwin\jdk8u11\648\hotspot\src\share\vm\prims\jvm.cpp, line 1248]
Event: 3.139 Thread 0x0000000016270800 Exception <a 'java/security/PrivilegedActionException'> (0x00000000eac03b38) thrown at [C:\re\workspace\8-2-build-windows-amd64-cygwin\jdk8u11\648\hotspot\src\share\vm\prims\jvm.cpp, line 1248]
Event: 3.139 Thread 0x0000000016280000 Exception <a 'java/security/PrivilegedActionException'> (0x00000000eabff768) thrown at [C:\re\workspace\8-2-build-windows-amd64-cygwin\jdk8u11\648\hotspot\src\share\vm\prims\jvm.cpp, line 1248]
Event: 3.150 Thread 0x0000000016270800 Exception <a 'java/security/PrivilegedActionException'> (0x00000000eac06320) thrown at [C:\re\workspace\8-2-build-windows-amd64-cygwin\jdk8u11\648\hotspot\src\share\vm\prims\jvm.cpp, line 1248]
Event: 3.151 Thread 0x0000000016270800 Exception <a 'java/security/PrivilegedActionException'> (0x00000000eac0e1d8) thrown at [C:\re\workspace\8-2-build-windows-amd64-cygwin\jdk8u11\648\hotspot\src\share\vm\prims\jvm.cpp, line 1248]
Event: 3.152 Thread 0x0000000016270800 Exception <a 'java/security/PrivilegedActionException'> (0x00000000eac12790) thrown at [C:\re\workspace\8-2-build-windows-amd64-cygwin\jdk8u11\648\hotspot\src\share\vm\prims\jvm.cpp, line 1248]
Event: 3.155 Thread 0x000000000220e800 Exception <a 'java/lang/NoClassDefFoundError': java/lang/Shutdown> (0x00000000eac1bd80) thrown at [C:\re\workspace\8-2-build-windows-amd64-cygwin\jdk8u11\648\hotspot\src\share\vm\classfile\systemDictionary.cpp, line 200]
Event: 3.155 Thread 0x0000000016280000 Exception <a 'java/security/PrivilegedActionException'> (0x00000000eac01630) thrown at [C:\re\workspace\8-2-build-windows-amd64-cygwin\jdk8u11\648\hotspot\src\share\vm\prims\jvm.cpp, line 1248]
Event: 3.157 Thread 0x0000000016280000 Exception <a 'java/security/PrivilegedActionException'> (0x00000000eac28630) thrown at [C:\re\workspace\8-2-build-windows-amd64-cygwin\jdk8u11\648\hotspot\src\share\vm\prims\jvm.cpp, line 1248]

Events (10 events):
Event: 3.152 loading class sun/nio/ch/Interruptible done
Event: 3.153 loading class java/util/IdentityHashMap$KeySet done
Event: 3.155 loading class java/lang/Shutdown
Event: 3.155 loading class java/lang/Shutdown done
Event: 3.155 loading class com/android/dx/dex/file/CodeItem
Event: 3.155 loading class com/android/dx/dex/file/CodeItem done
Event: 3.156 Thread 0x000000000220e800 Thread exited: 0x000000000220e800
Event: 3.156 Thread 0x000000000220e800 Thread added: 0x000000000220e800
Event: 3.157 loading class com/android/dx/rop/annotation/AnnotationsList
Event: 3.157 loading class com/android/dx/rop/annotation/AnnotationsList done


Dynamic libraries:
0x000000013f980000 - 0x000000013f9b4000 	D:\Java\jdk1.8.0_11\bin\java.exe
0x0000000077780000 - 0x0000000077929000 	C:\Windows\SYSTEM32\ntdll.dll
0x0000000077560000 - 0x000000007767f000 	C:\Windows\system32\kernel32.dll
0x000007fefd760000 - 0x000007fefd7cc000 	C:\Windows\system32\KERNELBASE.dll
0x000007feff710000 - 0x000007feff7eb000 	C:\Windows\system32\ADVAPI32.dll
0x000007fefeee0000 - 0x000007fefef7f000 	C:\Windows\system32\msvcrt.dll
0x000007fefda30000 - 0x000007fefda4f000 	C:\Windows\SYSTEM32\sechost.dll
0x000007feff2d0000 - 0x000007feff3fd000 	C:\Windows\system32\RPCRT4.dll
0x0000000077680000 - 0x000000007777a000 	C:\Windows\system32\USER32.dll
0x000007feff470000 - 0x000007feff4d7000 	C:\Windows\system32\GDI32.dll
0x000007fefed60000 - 0x000007fefed6e000 	C:\Windows\system32\LPK.dll
0x000007fefed70000 - 0x000007fefee39000 	C:\Windows\system32\USP10.dll
0x000007fefbf30000 - 0x000007fefc124000 	C:\Windows\WinSxS\amd64_microsoft.windows.common-controls_6595b64144ccf1df_6.0.7601.18837_none_fa3b1e3d17594757\COMCTL32.dll
0x000007feff690000 - 0x000007feff701000 	C:\Windows\system32\SHLWAPI.dll
0x000007feff7f0000 - 0x000007feff81e000 	C:\Windows\system32\IMM32.DLL
0x000007feff580000 - 0x000007feff689000 	C:\Windows\system32\MSCTF.dll
0x0000000050a10000 - 0x0000000050ae2000 	D:\Java\jdk1.8.0_11\jre\bin\msvcr100.dll
0x00000000701b0000 - 0x00000000709da000 	D:\Java\jdk1.8.0_11\jre\bin\server\jvm.dll
0x000007fef1730000 - 0x000007fef1739000 	C:\Windows\system32\WSOCK32.dll
0x000007feff400000 - 0x000007feff44d000 	C:\Windows\system32\WS2_32.dll
0x000007fefd8e0000 - 0x000007fefd8e8000 	C:\Windows\system32\NSI.dll
0x000007fef8900000 - 0x000007fef893b000 	C:\Windows\system32\WINMM.dll
0x0000000077950000 - 0x0000000077957000 	C:\Windows\system32\PSAPI.DLL
0x0000000056470000 - 0x000000005647f000 	D:\Java\jdk1.8.0_11\jre\bin\verify.dll
0x0000000056440000 - 0x0000000056468000 	D:\Java\jdk1.8.0_11\jre\bin\java.dll
0x0000000050ed0000 - 0x0000000050ee6000 	D:\Java\jdk1.8.0_11\jre\bin\zip.dll
0x000007fefda50000 - 0x000007fefe7d9000 	C:\Windows\system32\SHELL32.dll
0x000007fefeb50000 - 0x000007fefed53000 	C:\Windows\system32\ole32.dll
0x000007fefd520000 - 0x000007fefd52f000 	C:\Windows\system32\profapi.dll

VM Arguments:
jvm_args: -Djava.awt.headless=true -Xmx1024M -Dfile.encoding=GBK -Duser.country=CN -Duser.language=zh -Duser.variant 
java_command: com.android.dx.command.Main --dex --force-jumbo --num-threads=4 --output E:\AndroidStudioProjects\CustomerApp\app\build\intermediates\pre-dexed\debug\instant-run_41de471db00956ebd28ad016f887d46afd5efe4e.jar E:\AndroidStudioProjects\CustomerApp\app\build\intermediates\incremental-runtime-classes\debug\instant-run.jar
java_class_path (initial): F:\Android_Studio\sdk\build-tools\24.0.1\lib\dx.jar
Launcher Type: SUN_STANDARD

Environment Variables:
JAVA_HOME=D:\Java\jdk1.8.0_11\
CLASSPATH=.;C:\Program Files (x86)\QuickTime\QTSystem\QTJava.zip
PATH=C:\Windows\system32;C:\Windows;C:\Windows\System32\Wbem;C:\Windows\System32\WindowsPowerShell\v1.0\;C:\Program Files (x86)\Microsoft SQL Server\100\Tools\Binn\;C:\Program Files\Microsoft SQL Server\100\Tools\Binn\;C:\Program Files\Microsoft SQL Server\100\DTS\Binn\;C:\Program Files (x86)\ATI Technologies\ATI.ACE\Core-Static;D:\Java\jdk1.8.0_11\\bin;C:\Program Files\Microsoft SQL Server\110\Tools\Binn\;E:\Git;E:\TortoiseGit\bin;C:\Python27;C:\Program Files\Microsoft Windows Performance Toolkit\;E:\TortoiseSVN\bin;E:\webRTC_third\depot_tools;F:\Tomcat\apache-tomcat-7.0.63\lib;F:\Tomcat\apache-tomcat-7.0.63\bin;C:\Program Files (x86)\QuickTime\QTSystem\;D:\maven\apache-maven-3.3.3\bin;D:\groovy\groovy-2.4.7\bin;D:\gradle\gradle-2.14.1/bin
USERNAME=Administrator
OS=Windows_NT
PROCESSOR_IDENTIFIER=Intel64 Family 6 Model 37 Stepping 5, GenuineIntel



---------------  S Y S T E M  ---------------

OS: Windows 7 , 64 bit Build 7601 Service Pack 1

CPU:total 4 (2 cores per cpu, 2 threads per core) family 6 model 37 stepping 5, cmov, cx8, fxsr, mmx, sse, sse2, sse3, ssse3, sse4.1, sse4.2, popcnt, ht, tsc, tscinvbit

Memory: 4k page, physical 1954280k(13300k free), swap 7817120k(4076k free)

vm_info: Java HotSpot(TM) 64-Bit Server VM (25.11-b03) for windows-amd64 JRE (1.8.0_11-b12), built on Jun 16 2014 20:57:32 by "java_re" with MS VC++ 10.0 (VS2010)

time: Mon Aug 01 18:19:27 2016
elapsed time: 3 seconds

